




log_to_mongo.py





log_to_mongo.py





log_to_mongo.py





log_to_mongo.py





log_to_mongo.py





log_to_mongo.py
2013-09-15
2014-04-19 13:44:47.087155





log_to_mongo.py
2013-09-15
2014-04-19 13:45:24.297879





log_to_mongo.py
2013-09-15
2014-04-19 13:45:35.653480





log_to_mongo.py





log_to_mongo.py





log_to_mongo.py





log_to_mongo.py
2013-09-15
2014-04-19 13:49:50.750229





log_to_mongo.py
2013-09-15
2014-04-19 13:50:40.116245





log_to_mongo.py
2013-09-15
2014-04-19 13:51:36.854851
[7782, 64409, 2582934]
1.14637075512e-05
2014-04-19 13:52:06.971626
2014-04-19 13:52:09.979348 begin clear
2014-04-19 13:52:09.979428 0 inserted
2014-04-19 13:52:09.979457 0 updated
2014-04-19 13:52:09.979478 0 deleted
2014-04-19 13:52:09.979498 begin clear
2014-04-19 13:52:12.997682 4686 inserted
2014-04-19 13:52:12.998057 0 updated
2014-04-19 13:52:12.998096 0 deleted
2014-04-19 13:52:12.998119 begin clear
2014-04-19 13:52:13.734494 3096 inserted
2014-04-19 13:52:13.734770 0 updated
2014-04-19 13:52:13.734801 0 deleted
2014-04-19 13:52:13.734822 begin clear
2014-04-19 13:52:13.734841 0 inserted
2014-04-19 13:52:13.734859 0 updated
2014-04-19 13:52:13.734876 0 deleted
0.00023387304035
2014-04-19 13:52:13.734918
2014-04-19 13:52:23.770863 begin clear
2014-04-19 13:52:23.771079 0 inserted
2014-04-19 13:52:23.771183 0 updated
2014-04-19 13:52:23.771265 0 deleted
2014-04-19 13:52:23.771341 begin clear
2014-04-19 13:52:31.651438 47802 inserted
2014-04-19 13:52:31.653497 0 updated
2014-04-19 13:52:31.653581 0 deleted
2014-04-19 13:52:31.653604 begin clear
2014-04-19 13:52:33.693247 16607 inserted
2014-04-19 13:52:33.694315 0 updated
2014-04-19 13:52:33.694355 0 deleted
2014-04-19 13:52:33.694377 begin clear
2014-04-19 13:52:33.694395 0 inserted
2014-04-19 13:52:33.694412 0 updated
2014-04-19 13:52:33.694429 0 deleted
0.000142371407723
2014-04-19 13:52:33.694471






log_to_mongo.py
2014-04-15
2014-04-26 14:21:44.699793
[10297, 80563, 3049779]
1.09548921414e-05
2014-04-26 14:22:20.515733
2014-04-26 14:22:25.525720 begin clear
2014-04-26 14:22:25.525798 0 inserted
2014-04-26 14:22:25.525828 0 updated
2014-04-26 14:22:25.525849 0 deleted
2014-04-26 14:22:25.525867 begin clear
2014-04-26 14:22:27.140558 6921 inserted
2014-04-26 14:22:27.219693 0 updated
2014-04-26 14:22:27.219773 0 deleted
2014-04-26 14:22:27.219802 begin clear
2014-04-26 14:22:28.569014 3376 inserted
2014-04-26 14:22:28.569324 0 updated
2014-04-26 14:22:28.569361 0 deleted
2014-04-26 14:22:28.569385 begin clear
2014-04-26 14:22:28.569404 0 inserted
2014-04-26 14:22:28.569424 0 updated
2014-04-26 14:22:28.569443 0 deleted
0.000280664271147
2014-04-26 14:22:28.569486
2014-04-26 14:22:44.739924 begin clear
2014-04-26 14:22:44.740013 0 inserted
2014-04-26 14:22:44.740041 0 updated
2014-04-26 14:22:44.740062 0 deleted
2014-04-26 14:22:44.740089 begin clear
2014-04-26 14:22:51.182223 62267 inserted
2014-04-26 14:22:51.185263 0 updated
2014-04-26 14:22:51.185301 0 deleted
2014-04-26 14:22:51.185322 begin clear
2014-04-26 14:22:53.353004 18296 inserted
2014-04-26 14:22:53.354139 0 updated
2014-04-26 14:22:53.354180 0 deleted
2014-04-26 14:22:53.354205 begin clear
2014-04-26 14:22:53.354224 0 inserted
2014-04-26 14:22:53.354241 0 updated
2014-04-26 14:22:53.354259 0 deleted
0.000172411652992
2014-04-26 14:22:53.354309






log_to_mongo.py
2014-04-16
2014-04-26 14:22:59.702944
[9017, 79012, 3056607]
1.08682601329e-05
2014-04-26 14:23:33.567875
2014-04-26 14:23:35.500234 begin clear
2014-04-26 14:23:35.500309 0 inserted
2014-04-26 14:23:35.500337 0 updated
2014-04-26 14:23:35.500355 0 deleted
2014-04-26 14:23:35.500373 begin clear
2014-04-26 14:23:36.844835 5725 inserted
2014-04-26 14:23:36.845286 0 updated
2014-04-26 14:23:36.845317 0 deleted
2014-04-26 14:23:36.845337 begin clear
2014-04-26 14:23:37.321411 3292 inserted
2014-04-26 14:23:37.321739 0 updated
2014-04-26 14:23:37.321778 0 deleted
2014-04-26 14:23:37.321801 begin clear
2014-04-26 14:23:37.321818 0 inserted
2014-04-26 14:23:37.321836 0 updated
2014-04-26 14:23:37.321852 0 deleted
0.000164134412776
2014-04-26 14:23:37.321899
2014-04-26 14:23:48.602657 begin clear
2014-04-26 14:23:48.602728 0 inserted
2014-04-26 14:23:48.602757 0 updated
2014-04-26 14:23:48.602776 0 deleted
2014-04-26 14:23:48.602794 begin clear
2014-04-26 14:23:54.464616 60886 inserted
2014-04-26 14:23:54.467493 0 updated
2014-04-26 14:23:54.467577 0 deleted
2014-04-26 14:23:54.467600 begin clear
2014-04-26 14:23:56.153950 18126 inserted
2014-04-26 14:23:56.154876 0 updated
2014-04-26 14:23:56.154932 0 deleted
2014-04-26 14:23:56.154953 begin clear
2014-04-26 14:23:56.154969 0 inserted
2014-04-26 14:23:56.154984 0 updated
2014-04-26 14:23:56.154998 0 deleted
0.000133650584721
2014-04-26 14:23:56.155037






log_to_mongo.py
2014-04-17
2014-04-26 14:24:02.685788
[8864, 77282, 2942289]
1.06175837928e-05
2014-04-26 14:24:36.405766
2014-04-26 14:24:40.053298 begin clear
2014-04-26 14:24:40.053373 0 inserted
2014-04-26 14:24:40.053399 0 updated
2014-04-26 14:24:40.053419 0 deleted
2014-04-26 14:24:40.053437 begin clear
2014-04-26 14:24:41.090346 5689 inserted
2014-04-26 14:24:41.090790 0 updated
2014-04-26 14:24:41.090820 0 deleted
2014-04-26 14:24:41.090840 begin clear
2014-04-26 14:24:41.471896 3175 inserted
2014-04-26 14:24:41.472207 0 updated
2014-04-26 14:24:41.472248 0 deleted
2014-04-26 14:24:41.472278 begin clear
2014-04-26 14:24:41.472304 0 inserted
2014-04-26 14:24:41.472327 0 updated
2014-04-26 14:24:41.472350 0 deleted
0.000243682310469
2014-04-26 14:24:41.472405





log_to_mongo.py
2014-04-15
2014-04-26 14:27:47.331642
[7990, 71613, 3049779]
2.14408978487e-05
2014-04-26 14:28:53.004915
2014-04-26 14:28:57.920180 begin clear
2014-04-26 14:28:57.920402 0 inserted
2014-04-26 14:28:57.920502 0 updated
2014-04-26 14:28:57.920578 0 deleted
2014-04-26 14:28:57.920646 begin clear
2014-04-26 14:28:58.715071 3958 inserted
2014-04-26 14:28:58.715338 0 updated
2014-04-26 14:28:58.715369 0 deleted
2014-04-26 14:28:58.715390 begin clear
2014-04-26 14:28:59.318932 4032 inserted
2014-04-26 14:28:59.319219 0 updated
2014-04-26 14:28:59.319248 0 deleted
2014-04-26 14:28:59.319269 begin clear
2014-04-26 14:28:59.319285 0 inserted
2014-04-26 14:28:59.319302 0 updated
2014-04-26 14:28:59.319318 0 deleted
0.000350438047559
2014-04-26 14:28:59.319358
2014-04-26 14:29:13.240466 begin clear
2014-04-26 14:29:13.240580 0 inserted
2014-04-26 14:29:13.240630 0 updated
2014-04-26 14:29:13.240666 0 deleted
2014-04-26 14:29:13.240698 begin clear
2014-04-26 14:29:15.172579 19328 inserted
2014-04-26 14:29:15.173485 0 updated
2014-04-26 14:29:15.173524 0 deleted
2014-04-26 14:29:15.173545 begin clear
2014-04-26 14:29:22.737343 52285 inserted
2014-04-26 14:29:22.740055 0 updated
2014-04-26 14:29:22.740157 0 deleted
2014-04-26 14:29:22.740195 begin clear
2014-04-26 14:29:22.740222 0 inserted
2014-04-26 14:29:22.740247 0 updated
2014-04-26 14:29:22.740271 0 deleted
0.000185720469747
2014-04-26 14:29:22.740333






log_to_mongo.py
2014-04-16
2014-04-26 14:29:29.110477
[6707, 68665, 3056607]
1.91912143105e-05
2014-04-26 14:30:28.148973
2014-04-26 14:30:31.770966 begin clear
2014-04-26 14:30:31.771167 0 inserted
2014-04-26 14:30:31.771260 0 updated
2014-04-26 14:30:31.771332 0 deleted
2014-04-26 14:30:31.771399 begin clear
2014-04-26 14:30:32.385669 2751 inserted
2014-04-26 14:30:32.385880 0 updated
2014-04-26 14:30:32.385911 0 deleted
2014-04-26 14:30:32.385932 begin clear
2014-04-26 14:30:33.317518 3956 inserted
2014-04-26 14:30:33.318361 0 updated
2014-04-26 14:30:33.318482 0 deleted
2014-04-26 14:30:33.318561 begin clear
2014-04-26 14:30:33.318630 0 inserted
2014-04-26 14:30:33.318696 0 updated
2014-04-26 14:30:33.318758 0 deleted
0.00032503354704
2014-04-26 14:30:33.318900
2014-04-26 14:30:54.541151 begin clear
2014-04-26 14:30:54.541347 0 inserted
2014-04-26 14:30:54.541453 0 updated
2014-04-26 14:30:54.541529 0 deleted
2014-04-26 14:30:54.541597 begin clear
2014-04-26 14:30:56.436842 17369 inserted
2014-04-26 14:30:56.437751 0 updated
2014-04-26 14:30:56.437788 0 deleted
2014-04-26 14:30:56.437807 begin clear
2014-04-26 14:31:02.328488 51296 inserted
2014-04-26 14:31:02.331275 0 updated
2014-04-26 14:31:02.331381 0 deleted
2014-04-26 14:31:02.331416 begin clear
2014-04-26 14:31:02.331442 0 inserted
2014-04-26 14:31:02.331468 0 updated
2014-04-26 14:31:02.331492 0 deleted
0.000240005825384
2014-04-26 14:31:02.331555






log_to_mongo.py
2014-04-17
2014-04-26 14:31:09.423851
[6270, 66748, 2942289]
1.88934533623e-05
2014-04-26 14:32:05.000726
2014-04-26 14:32:09.526867 begin clear
2014-04-26 14:32:09.527071 0 inserted
2014-04-26 14:32:09.527170 0 updated
2014-04-26 14:32:09.527248 0 deleted
2014-04-26 14:32:09.527322 begin clear
2014-04-26 14:32:10.115585 2402 inserted
2014-04-26 14:32:10.115832 0 updated
2014-04-26 14:32:10.115876 0 deleted
2014-04-26 14:32:10.115906 begin clear
2014-04-26 14:32:10.727982 3868 inserted
2014-04-26 14:32:10.728255 0 updated
2014-04-26 14:32:10.728285 0 deleted
2014-04-26 14:32:10.728306 begin clear
2014-04-26 14:32:10.728324 0 inserted
2014-04-26 14:32:10.728341 0 updated
2014-04-26 14:32:10.728357 0 deleted
0.000400318979266
2014-04-26 14:32:10.728396
2014-04-26 14:32:34.591389 begin clear
2014-04-26 14:32:34.591474 0 inserted
2014-04-26 14:32:34.591501 0 updated
2014-04-26 14:32:34.591520 0 deleted
2014-04-26 14:32:34.591537 begin clear
2014-04-26 14:32:36.104314 16636 inserted
2014-04-26 14:32:36.105412 0 updated
2014-04-26 14:32:36.105475 0 deleted
2014-04-26 14:32:36.105513 begin clear
2014-04-26 14:32:42.426757 50112 inserted
2014-04-26 14:32:42.429172 0 updated
2014-04-26 14:32:42.429215 0 deleted
2014-04-26 14:32:42.429234 begin clear
2014-04-26 14:32:42.429251 0 inserted
2014-04-26 14:32:42.429266 0 updated
2014-04-26 14:32:42.429280 0 deleted
0.000269970635824
2014-04-26 14:32:42.429318






log_to_mongo.py
2014-04-18
2014-04-26 14:32:48.834321
[6294, 65943, 2861804]
1.9753274508e-05
2014-04-26 14:33:45.491833
2014-04-26 14:33:49.394520 begin clear
2014-04-26 14:33:49.394723 0 inserted
2014-04-26 14:33:49.394816 0 updated
2014-04-26 14:33:49.394887 0 deleted
2014-04-26 14:33:49.394955 begin clear
2014-04-26 14:33:50.031651 2540 inserted
2014-04-26 14:33:50.031873 0 updated
2014-04-26 14:33:50.031902 0 deleted
2014-04-26 14:33:50.031922 begin clear
2014-04-26 14:33:50.675218 3754 inserted
2014-04-26 14:33:50.675535 0 updated
2014-04-26 14:33:50.675576 0 deleted
2014-04-26 14:33:50.675604 begin clear
2014-04-26 14:33:50.675628 0 inserted
2014-04-26 14:33:50.675651 0 updated
2014-04-26 14:33:50.675673 0 deleted
0.000352716873213
2014-04-26 14:33:50.675726
2014-04-26 14:34:17.062813 begin clear
2014-04-26 14:34:17.063023 0 inserted
2014-04-26 14:34:17.063121 0 updated
2014-04-26 14:34:17.063197 0 deleted
2014-04-26 14:34:17.063264 begin clear
2014-04-26 14:34:18.882116 16617 inserted
2014-04-26 14:34:18.882985 0 updated
2014-04-26 14:34:18.883020 0 deleted
2014-04-26 14:34:18.883039 begin clear
2014-04-26 14:34:24.562059 49326 inserted
2014-04-26 14:34:24.565214 0 updated
2014-04-26 14:34:24.565277 0 deleted
2014-04-26 14:34:24.565314 begin clear
2014-04-26 14:34:24.565344 0 inserted
2014-04-26 14:34:24.565374 0 updated
2014-04-26 14:34:24.565403 0 deleted
0.000291615486102
2014-04-26 14:34:24.565473






log_to_mongo.py
2014-04-19
2014-04-26 14:34:33.087546
[7352, 64556, 2535345]
1.98395090215e-05
2014-04-26 14:35:24.011824
2014-04-26 14:35:29.359023 begin clear
2014-04-26 14:35:29.359222 0 inserted
2014-04-26 14:35:29.359313 0 updated
2014-04-26 14:35:29.359385 0 deleted
2014-04-26 14:35:29.359451 begin clear
2014-04-26 14:35:30.147363 3689 inserted
2014-04-26 14:35:30.147614 0 updated
2014-04-26 14:35:30.147642 0 deleted
2014-04-26 14:35:30.147663 begin clear
2014-04-26 14:35:30.745213 3663 inserted
2014-04-26 14:35:30.745508 0 updated
2014-04-26 14:35:30.745537 0 deleted
2014-04-26 14:35:30.745558 begin clear
2014-04-26 14:35:30.745575 0 inserted
2014-04-26 14:35:30.745591 0 updated
2014-04-26 14:35:30.745607 0 deleted
0.00039853101197
2014-04-26 14:35:30.745645
2014-04-26 14:35:47.191656 begin clear
2014-04-26 14:35:47.191861 0 inserted
2014-04-26 14:35:47.191958 0 updated
2014-04-26 14:35:47.192034 0 deleted
2014-04-26 14:35:47.192103 begin clear
2014-04-26 14:35:48.892121 17298 inserted
2014-04-26 14:35:48.893005 0 updated
2014-04-26 14:35:48.893062 0 deleted
2014-04-26 14:35:48.893083 begin clear
2014-04-26 14:35:55.121712 47258 inserted
2014-04-26 14:35:55.123875 0 updated
2014-04-26 14:35:55.123911 0 deleted
2014-04-26 14:35:55.123930 begin clear
2014-04-26 14:35:55.123946 0 inserted
2014-04-26 14:35:55.123961 0 updated
2014-04-26 14:35:55.123975 0 deleted
0.000213612987174
2014-04-26 14:35:55.124011






log_to_mongo.py
2014-04-20
2014-04-26 14:36:01.653992
[7169, 63259, 2559326]
1.97044065508e-05
2014-04-26 14:36:52.435532
2014-04-26 14:36:56.543120 begin clear
2014-04-26 14:36:56.543332 0 inserted
2014-04-26 14:36:56.543428 0 updated
2014-04-26 14:36:56.543498 0 deleted
2014-04-26 14:36:56.543563 begin clear
2014-04-26 14:36:57.270038 3540 inserted
2014-04-26 14:36:57.270723 0 updated
2014-04-26 14:36:57.270835 0 deleted
2014-04-26 14:36:57.270917 begin clear
2014-04-26 14:36:57.961236 3629 inserted
2014-04-26 14:36:57.961503 0 updated
2014-04-26 14:36:57.961532 0 deleted
2014-04-26 14:36:57.961552 begin clear
2014-04-26 14:36:57.961569 0 inserted
2014-04-26 14:36:57.961585 0 updated
2014-04-26 14:36:57.961600 0 deleted
0.000336169619194
2014-04-26 14:36:57.961638
2014-04-26 14:37:22.347942 begin clear
2014-04-26 14:37:22.348144 0 inserted
2014-04-26 14:37:22.348240 0 updated
2014-04-26 14:37:22.348315 0 deleted
2014-04-26 14:37:22.348384 begin clear
2014-04-26 14:37:24.187683 16655 inserted
2014-04-26 14:37:24.188448 0 updated
2014-04-26 14:37:24.188487 0 deleted
2014-04-26 14:37:24.188515 begin clear
2014-04-26 14:37:30.606230 46604 inserted
2014-04-26 14:37:30.608771 0 updated
2014-04-26 14:37:30.608861 0 deleted
2014-04-26 14:37:30.608893 begin clear
2014-04-26 14:37:30.608920 0 inserted
2014-04-26 14:37:30.608946 0 updated
2014-04-26 14:37:30.608971 0 deleted
0.000292764665897
2014-04-26 14:37:30.609032






log_to_mongo.py
2014-04-21
2014-04-26 14:37:37.804564
[6343, 65386, 2923879]
2.23025645042e-05
2014-04-26 14:38:43.232162
2014-04-26 14:38:45.380257 begin clear
2014-04-26 14:38:45.380464 0 inserted
2014-04-26 14:38:45.380559 0 updated
2014-04-26 14:38:45.380633 0 deleted
2014-04-26 14:38:45.380701 begin clear
2014-04-26 14:38:45.989589 2451 inserted
2014-04-26 14:38:45.989788 0 updated
2014-04-26 14:38:45.989818 0 deleted
2014-04-26 14:38:45.989838 begin clear
2014-04-26 14:38:46.788445 3892 inserted
2014-04-26 14:38:46.789062 0 updated
2014-04-26 14:38:46.789140 0 deleted
2014-04-26 14:38:46.789196 begin clear
2014-04-26 14:38:46.789245 0 inserted
2014-04-26 14:38:46.789290 0 updated
2014-04-26 14:38:46.789336 0 deleted
0.000222292290714
2014-04-26 14:38:46.789439
2014-04-26 14:39:05.254008 begin clear
2014-04-26 14:39:05.254255 0 inserted
2014-04-26 14:39:05.254758 0 updated
2014-04-26 14:39:05.254900 0 deleted
2014-04-26 14:39:05.254981 begin clear
2014-04-26 14:39:07.004622 16153 inserted
2014-04-26 14:39:07.005415 0 updated
2014-04-26 14:39:07.005452 0 deleted
2014-04-26 14:39:07.005473 begin clear
2014-04-26 14:39:13.486465 49233 inserted
2014-04-26 14:39:13.488630 0 updated
2014-04-26 14:39:13.488707 0 deleted
2014-04-26 14:39:13.488727 begin clear
2014-04-26 14:39:13.488744 0 inserted
2014-04-26 14:39:13.488767 0 updated
2014-04-26 14:39:13.488781 0 deleted
0.000232312727495
2014-04-26 14:39:13.488821






log_to_mongo.py
2014-04-22
2014-04-26 14:39:21.336552
[6312, 65838, 2949280]
2.01167742635e-05
2014-04-26 14:40:21.060155
2014-04-26 14:40:23.490111 begin clear
2014-04-26 14:40:23.490188 0 inserted
2014-04-26 14:40:23.490216 0 updated
2014-04-26 14:40:23.490236 0 deleted
2014-04-26 14:40:23.490255 begin clear
2014-04-26 14:40:24.106682 2449 inserted
2014-04-26 14:40:24.106889 0 updated
2014-04-26 14:40:24.106919 0 deleted
2014-04-26 14:40:24.106941 begin clear
2014-04-26 14:40:24.671387 3863 inserted
2014-04-26 14:40:24.671660 0 updated
2014-04-26 14:40:24.671691 0 deleted
2014-04-26 14:40:24.671711 begin clear
2014-04-26 14:40:24.671728 0 inserted
2014-04-26 14:40:24.671745 0 updated
2014-04-26 14:40:24.671761 0 deleted
0.000239226869455
2014-04-26 14:40:24.671807
2014-04-26 14:40:35.342843 begin clear
2014-04-26 14:40:35.342905 0 inserted
2014-04-26 14:40:35.342934 0 updated
2014-04-26 14:40:35.342955 0 deleted
2014-04-26 14:40:35.342973 begin clear
2014-04-26 14:40:38.213967 16608 inserted
2014-04-26 14:40:38.214777 0 updated
2014-04-26 14:40:38.214822 0 deleted
2014-04-26 14:40:38.214844 begin clear
2014-04-26 14:40:43.301499 49230 inserted
2014-04-26 14:40:43.305899 0 updated
2014-04-26 14:40:43.306039 0 deleted
2014-04-26 14:40:43.306121 begin clear
2014-04-26 14:40:43.306139 0 inserted
2014-04-26 14:40:43.306155 0 updated
2014-04-26 14:40:43.306172 0 deleted
0.000145812448738
2014-04-26 14:40:43.306215






log_to_mongo.py
2014-04-23
2014-04-26 14:40:50.452505
[6018, 65188, 2650171]
1.99609761031e-05
2014-04-26 14:41:44.185268
2014-04-26 14:41:46.691924 begin clear
2014-04-26 14:41:46.692142 0 inserted
2014-04-26 14:41:46.692662 0 updated
2014-04-26 14:41:46.692798 0 deleted
2014-04-26 14:41:46.692879 begin clear
2014-04-26 14:41:47.320046 2365 inserted
2014-04-26 14:41:47.320253 0 updated
2014-04-26 14:41:47.320283 0 deleted
2014-04-26 14:41:47.320303 begin clear
2014-04-26 14:41:47.858899 3653 inserted
2014-04-26 14:41:47.859166 0 updated
2014-04-26 14:41:47.859196 0 deleted
2014-04-26 14:41:47.859216 begin clear
2014-04-26 14:41:47.859233 0 inserted
2014-04-26 14:41:47.859250 0 updated
2014-04-26 14:41:47.859266 0 deleted
0.000254237288136
2014-04-26 14:41:47.859305
2014-04-26 14:42:02.670251 begin clear
2014-04-26 14:42:02.670456 0 inserted
2014-04-26 14:42:02.670556 0 updated
2014-04-26 14:42:02.670633 0 deleted
2014-04-26 14:42:02.670703 begin clear
2014-04-26 14:42:04.304478 15917 inserted
2014-04-26 14:42:04.305266 0 updated
2014-04-26 14:42:04.305304 0 deleted
2014-04-26 14:42:04.305324 begin clear
2014-04-26 14:42:09.700204 49271 inserted
2014-04-26 14:42:09.702548 0 updated
2014-04-26 14:42:09.702632 0 deleted
2014-04-26 14:42:09.702656 begin clear
2014-04-26 14:42:09.702673 0 inserted
2014-04-26 14:42:09.702689 0 updated
2014-04-26 14:42:09.702705 0 deleted
0.000190065656256
2014-04-26 14:42:09.702747






log_to_mongo.py
2014-04-24
2014-04-26 14:42:18.264059
[6220, 66696, 3030501]
1.90001587196e-05
2014-04-26 14:43:16.619948
2014-04-26 14:43:19.264999 begin clear
2014-04-26 14:43:19.265072 0 inserted
2014-04-26 14:43:19.265100 0 updated
2014-04-26 14:43:19.265120 0 deleted
2014-04-26 14:43:19.265139 begin clear
2014-04-26 14:43:19.864014 2378 inserted
2014-04-26 14:43:19.864251 0 updated
2014-04-26 14:43:19.864281 0 deleted
2014-04-26 14:43:19.864301 begin clear
2014-04-26 14:43:20.453268 3842 inserted
2014-04-26 14:43:20.453544 0 updated
2014-04-26 14:43:20.453574 0 deleted
2014-04-26 14:43:20.453595 begin clear
2014-04-26 14:43:20.453612 0 inserted
2014-04-26 14:43:20.453629 0 updated
2014-04-26 14:43:20.453646 0 deleted
0.000262057877814
2014-04-26 14:43:20.453685
2014-04-26 14:43:36.509269 begin clear
2014-04-26 14:43:36.509347 0 inserted
2014-04-26 14:43:36.509376 0 updated
2014-04-26 14:43:36.509396 0 deleted
2014-04-26 14:43:36.509415 begin clear
2014-04-26 14:43:38.446049 16487 inserted
2014-04-26 14:43:38.447144 0 updated
2014-04-26 14:43:38.447195 0 deleted
2014-04-26 14:43:38.447225 begin clear
2014-04-26 14:43:44.535193 50209 inserted
2014-04-26 14:43:44.537412 0 updated
2014-04-26 14:43:44.537490 0 deleted
2014-04-26 14:43:44.537511 begin clear
2014-04-26 14:43:44.537526 0 inserted
2014-04-26 14:43:44.537541 0 updated
2014-04-26 14:43:44.537556 0 deleted
0.000205109751709
2014-04-26 14:43:44.537596






log_to_mongo.py
2014-04-25
2014-04-26 14:43:51.369517
[6537, 65825, 3061006]
1.95687300188e-05
2014-04-26 14:44:52.609622
2014-04-26 14:44:53.731768 begin clear
2014-04-26 14:44:53.731844 0 inserted
2014-04-26 14:44:53.731872 0 updated
2014-04-26 14:44:53.731892 0 deleted
2014-04-26 14:44:53.731910 begin clear
2014-04-26 14:44:54.313147 2658 inserted
2014-04-26 14:44:54.313420 0 updated
2014-04-26 14:44:54.313463 0 deleted
2014-04-26 14:44:54.313493 begin clear
2014-04-26 14:44:55.026942 3879 inserted
2014-04-26 14:44:55.027545 0 updated
2014-04-26 14:44:55.027644 0 deleted
2014-04-26 14:44:55.027704 begin clear
2014-04-26 14:44:55.027753 0 inserted
2014-04-26 14:44:55.027799 0 updated
2014-04-26 14:44:55.027844 0 deleted
0.000154505124675
2014-04-26 14:44:55.027945
2014-04-26 14:45:05.170907 begin clear
2014-04-26 14:45:05.170974 0 inserted
2014-04-26 14:45:05.171002 0 updated
2014-04-26 14:45:05.171021 0 deleted
2014-04-26 14:45:05.171043 begin clear
2014-04-26 14:45:06.998211 16349 inserted
2014-04-26 14:45:06.998974 0 updated
2014-04-26 14:45:06.999010 0 deleted
2014-04-26 14:45:06.999029 begin clear
2014-04-26 14:45:12.051400 49476 inserted
2014-04-26 14:45:12.053525 0 updated
2014-04-26 14:45:12.053605 0 deleted
2014-04-26 14:45:12.053626 begin clear
2014-04-26 14:45:12.053645 0 inserted
2014-04-26 14:45:12.053661 0 updated
2014-04-26 14:45:12.053676 0 deleted
0.000147512343335
2014-04-26 14:45:12.053719






log_to_mongo.py
2014-03-01
2014-04-26 22:11:13.967037
[6461, 65842, 2563917]
2.8546165886e-05
2014-04-26 22:12:27.428933
2014-04-26 22:12:29.797690 begin clear
2014-04-26 22:12:29.797899 0 inserted
2014-04-26 22:12:29.798008 0 updated
2014-04-26 22:12:29.798115 0 deleted
2014-04-26 22:12:29.798201 begin clear
2014-04-26 22:12:30.433606 2350 inserted
2014-04-26 22:12:30.433817 0 updated
2014-04-26 22:12:30.433849 0 deleted
2014-04-26 22:12:30.433872 begin clear
2014-04-26 22:12:31.090985 4111 inserted
2014-04-26 22:12:31.091323 0 updated
2014-04-26 22:12:31.091355 0 deleted
2014-04-26 22:12:31.091378 begin clear
2014-04-26 22:12:31.091398 0 inserted
2014-04-26 22:12:31.091415 0 updated
2014-04-26 22:12:31.091433 0 deleted
0.0002383531961
2014-04-26 22:12:31.091475
2014-04-26 22:12:42.400880 begin clear
2014-04-26 22:12:42.400953 0 inserted
2014-04-26 22:12:42.400982 0 updated
2014-04-26 22:12:42.401004 0 deleted
2014-04-26 22:12:42.401022 begin clear
2014-04-26 22:12:43.985905 15411 inserted
2014-04-26 22:12:43.986667 0 updated
2014-04-26 22:12:43.986708 0 deleted
2014-04-26 22:12:43.986732 begin clear
2014-04-26 22:12:49.989294 50431 inserted
2014-04-26 22:12:49.993069 0 updated
2014-04-26 22:12:49.993252 0 deleted
2014-04-26 22:12:49.993329 begin clear
2014-04-26 22:12:49.993378 0 inserted
2014-04-26 22:12:49.993428 0 updated
2014-04-26 22:12:49.993463 0 deleted
0.000162358373075
2014-04-26 22:12:49.993560






log_to_mongo.py
2014-03-02
2014-04-26 22:12:56.953088
[6479, 65803, 2588335]
2.89066137111e-05
2014-04-26 22:14:12.429629
2014-04-26 22:14:15.317707 begin clear
2014-04-26 22:14:15.317790 0 inserted
2014-04-26 22:14:15.317828 0 updated
2014-04-26 22:14:15.317855 0 deleted
2014-04-26 22:14:15.317881 begin clear
2014-04-26 22:14:15.846373 2397 inserted
2014-04-26 22:14:15.846579 0 updated
2014-04-26 22:14:15.846609 0 deleted
2014-04-26 22:14:15.846630 begin clear
2014-04-26 22:14:16.555829 4082 inserted
2014-04-26 22:14:16.556108 0 updated
2014-04-26 22:14:16.556137 0 deleted
2014-04-26 22:14:16.556158 begin clear
2014-04-26 22:14:16.556176 0 inserted
2014-04-26 22:14:16.556193 0 updated
2014-04-26 22:14:16.556209 0 deleted
0.000259299274579
2014-04-26 22:14:16.556248
2014-04-26 22:14:25.836925 begin clear
2014-04-26 22:14:25.836998 0 inserted
2014-04-26 22:14:25.837025 0 updated
2014-04-26 22:14:25.837046 0 deleted
2014-04-26 22:14:25.837064 begin clear
2014-04-26 22:14:27.268429 15254 inserted
2014-04-26 22:14:27.269184 0 updated
2014-04-26 22:14:27.269219 0 deleted
2014-04-26 22:14:27.269240 begin clear
2014-04-26 22:14:32.486552 50549 inserted
2014-04-26 22:14:32.488942 0 updated
2014-04-26 22:14:32.489023 0 deleted
2014-04-26 22:14:32.489045 begin clear
2014-04-26 22:14:32.489062 0 inserted
2014-04-26 22:14:32.489079 0 updated
2014-04-26 22:14:32.489096 0 deleted
0.000137075817212
2014-04-26 22:14:32.489141






log_to_mongo.py
2014-03-03
2014-04-26 22:14:39.230156
[6638, 68478, 2894427]
3.26074901872e-05
2014-04-26 22:16:14.052789
2014-04-26 22:16:16.407480 begin clear
2014-04-26 22:16:16.407690 0 inserted
2014-04-26 22:16:16.407789 0 updated
2014-04-26 22:16:16.407865 0 deleted
2014-04-26 22:16:16.407934 begin clear
2014-04-26 22:16:16.990125 2476 inserted
2014-04-26 22:16:16.990470 0 updated
2014-04-26 22:16:16.990530 0 deleted
2014-04-26 22:16:16.990572 begin clear
2014-04-26 22:16:17.649226 4162 inserted
2014-04-26 22:16:17.649586 0 updated
2014-04-26 22:16:17.649623 0 deleted
2014-04-26 22:16:17.649645 begin clear
2014-04-26 22:16:17.649664 0 inserted
2014-04-26 22:16:17.649682 0 updated
2014-04-26 22:16:17.649700 0 deleted
0.000230491111781
2014-04-26 22:16:17.649741
2014-04-26 22:16:33.701357 begin clear
2014-04-26 22:16:33.701426 0 inserted
2014-04-26 22:16:33.701454 0 updated
2014-04-26 22:16:33.701475 0 deleted
2014-04-26 22:16:33.701493 begin clear
2014-04-26 22:16:35.226741 16162 inserted
2014-04-26 22:16:35.227496 0 updated
2014-04-26 22:16:35.227553 0 deleted
2014-04-26 22:16:35.227576 begin clear
2014-04-26 22:16:41.669227 52316 inserted
2014-04-26 22:16:41.675606 0 updated
2014-04-26 22:16:41.675802 0 deleted
2014-04-26 22:16:41.675894 begin clear
2014-04-26 22:16:41.675963 0 inserted
2014-04-26 22:16:41.676037 0 updated
2014-04-26 22:16:41.676104 0 deleted
0.000199626157306
2014-04-26 22:16:41.676254






log_to_mongo.py
2014-03-04
2014-04-26 22:16:48.094398
[6643, 69266, 2942800]
3.07938018214e-05
2014-04-26 22:18:20.837525
2014-04-26 22:18:22.858036 begin clear
2014-04-26 22:18:22.858140 0 inserted
2014-04-26 22:18:22.858178 0 updated
2014-04-26 22:18:22.858206 0 deleted
2014-04-26 22:18:22.858232 begin clear
2014-04-26 22:18:23.433572 2455 inserted
2014-04-26 22:18:23.433971 0 updated
2014-04-26 22:18:23.434045 0 deleted
2014-04-26 22:18:23.434131 begin clear
2014-04-26 22:18:24.317102 4188 inserted
2014-04-26 22:18:24.317416 0 updated
2014-04-26 22:18:24.317447 0 deleted
2014-04-26 22:18:24.317468 begin clear
2014-04-26 22:18:24.317486 0 inserted
2014-04-26 22:18:24.317504 0 updated
2014-04-26 22:18:24.317521 0 deleted
0.000171609212705
2014-04-26 22:18:24.317564
2014-04-26 22:18:35.943505 begin clear
2014-04-26 22:18:35.943574 0 inserted
2014-04-26 22:18:35.943602 0 updated
2014-04-26 22:18:35.943622 0 deleted
2014-04-26 22:18:35.943640 begin clear
2014-04-26 22:18:37.808934 16351 inserted
2014-04-26 22:18:37.809824 0 updated
2014-04-26 22:18:37.809861 0 deleted
2014-04-26 22:18:37.809882 begin clear
2014-04-26 22:18:43.836858 52915 inserted
2014-04-26 22:18:43.839127 0 updated
2014-04-26 22:18:43.839205 0 deleted
2014-04-26 22:18:43.839225 begin clear
2014-04-26 22:18:43.839240 0 inserted
2014-04-26 22:18:43.839255 0 updated
2014-04-26 22:18:43.839270 0 deleted
0.000159674299079
2014-04-26 22:18:43.839310






log_to_mongo.py
2014-03-05
2014-04-26 22:18:51.098269
[6549, 70060, 2954084]
2.78258844366e-05
2014-04-26 22:20:14.260510
2014-04-26 22:20:16.138139 begin clear
2014-04-26 22:20:16.138214 0 inserted
2014-04-26 22:20:16.138240 0 updated
2014-04-26 22:20:16.138260 0 deleted
2014-04-26 22:20:16.138280 begin clear
2014-04-26 22:20:16.700004 2451 inserted
2014-04-26 22:20:16.700233 0 updated
2014-04-26 22:20:16.700263 0 deleted
2014-04-26 22:20:16.700285 begin clear
2014-04-26 22:20:17.455012 4098 inserted
2014-04-26 22:20:17.455330 0 updated
2014-04-26 22:20:17.455364 0 deleted
2014-04-26 22:20:17.455386 begin clear
2014-04-26 22:20:17.455405 0 inserted
2014-04-26 22:20:17.455423 0 updated
2014-04-26 22:20:17.455440 0 deleted
0.000196976637655
2014-04-26 22:20:17.455482
2014-04-26 22:20:34.275312 begin clear
2014-04-26 22:20:34.275385 0 inserted
2014-04-26 22:20:34.275414 0 updated
2014-04-26 22:20:34.275435 0 deleted
2014-04-26 22:20:34.275454 begin clear
2014-04-26 22:20:36.152380 16606 inserted
2014-04-26 22:20:36.153183 0 updated
2014-04-26 22:20:36.153225 0 deleted
2014-04-26 22:20:36.153248 begin clear
2014-04-26 22:20:42.408852 53454 inserted
2014-04-26 22:20:42.412142 0 updated
2014-04-26 22:20:42.412254 0 deleted
2014-04-26 22:20:42.412298 begin clear
2014-04-26 22:20:42.412333 0 inserted
2014-04-26 22:20:42.412365 0 updated
2014-04-26 22:20:42.412397 0 deleted
0.000202397944619
2014-04-26 22:20:42.412476






log_to_mongo.py
2014-03-06
2014-04-26 22:20:48.664243
[6470, 67557, 2912725]
2.64185599396e-05
2014-04-26 22:22:05.891149
2014-04-26 22:22:09.462461 begin clear
2014-04-26 22:22:09.462666 0 inserted
2014-04-26 22:22:09.462740 0 updated
2014-04-26 22:22:09.462778 0 deleted
2014-04-26 22:22:09.462797 begin clear
2014-04-26 22:22:10.096556 2446 inserted
2014-04-26 22:22:10.096786 0 updated
2014-04-26 22:22:10.096815 0 deleted
2014-04-26 22:22:10.096836 begin clear
2014-04-26 22:22:10.712021 4024 inserted
2014-04-26 22:22:10.712317 0 updated
2014-04-26 22:22:10.712348 0 deleted
2014-04-26 22:22:10.712369 begin clear
2014-04-26 22:22:10.712385 0 inserted
2014-04-26 22:22:10.712402 0 updated
2014-04-26 22:22:10.712418 0 deleted
0.000315301391036
2014-04-26 22:22:10.712458
2014-04-26 22:22:27.400828 begin clear
2014-04-26 22:22:27.401029 0 inserted
2014-04-26 22:22:27.401126 0 updated
2014-04-26 22:22:27.401200 0 deleted
2014-04-26 22:22:27.401267 begin clear
2014-04-26 22:22:29.224556 16073 inserted
2014-04-26 22:22:29.225330 0 updated
2014-04-26 22:22:29.225367 0 deleted
2014-04-26 22:22:29.225387 begin clear
2014-04-26 22:22:35.142679 51484 inserted
2014-04-26 22:22:35.144867 0 updated
2014-04-26 22:22:35.144944 0 deleted
2014-04-26 22:22:35.144964 begin clear
2014-04-26 22:22:35.144979 0 inserted
2014-04-26 22:22:35.144996 0 updated
2014-04-26 22:22:35.145010 0 deleted
0.000205752179641
2014-04-26 22:22:35.145051






log_to_mongo.py
2014-03-07
2014-04-26 22:22:43.280876
[6357, 65060, 2717933]
2.76276126012e-05
2014-04-26 22:23:58.570691
2014-04-26 22:24:00.870589 begin clear
2014-04-26 22:24:00.870790 0 inserted
2014-04-26 22:24:00.870884 0 updated
2014-04-26 22:24:00.870956 0 deleted
2014-04-26 22:24:00.871026 begin clear
2014-04-26 22:24:01.390272 2433 inserted
2014-04-26 22:24:01.390498 0 updated
2014-04-26 22:24:01.390527 0 deleted
2014-04-26 22:24:01.390548 begin clear
2014-04-26 22:24:02.039381 3924 inserted
2014-04-26 22:24:02.039679 0 updated
2014-04-26 22:24:02.039710 0 deleted
2014-04-26 22:24:02.039730 begin clear
2014-04-26 22:24:02.039747 0 inserted
2014-04-26 22:24:02.039764 0 updated
2014-04-26 22:24:02.039780 0 deleted
0.000224948875256
2014-04-26 22:24:02.039818
2014-04-26 22:24:21.509411 begin clear
2014-04-26 22:24:21.509615 0 inserted
2014-04-26 22:24:21.509708 0 updated
2014-04-26 22:24:21.509781 0 deleted
2014-04-26 22:24:21.509847 begin clear
2014-04-26 22:24:23.016515 15843 inserted
2014-04-26 22:24:23.017288 0 updated
2014-04-26 22:24:23.017328 0 deleted
2014-04-26 22:24:23.017349 begin clear
2014-04-26 22:24:29.097336 49217 inserted
2014-04-26 22:24:29.103549 0 updated
2014-04-26 22:24:29.103754 0 deleted
2014-04-26 22:24:29.103846 begin clear
2014-04-26 22:24:29.103914 0 inserted
2014-04-26 22:24:29.103979 0 updated
2014-04-26 22:24:29.104043 0 deleted
0.000237780510298
2014-04-26 22:24:29.104192






log_to_mongo.py
2014-03-08
2014-04-26 22:24:35.305459
[6264, 64088, 2619968]
2.49125180155e-05
2014-04-26 22:25:41.960854
2014-04-26 22:25:45.264979 begin clear
2014-04-26 22:25:45.265189 0 inserted
2014-04-26 22:25:45.265284 0 updated
2014-04-26 22:25:45.265354 0 deleted
2014-04-26 22:25:45.265422 begin clear
2014-04-26 22:25:45.809450 2363 inserted
2014-04-26 22:25:45.809662 0 updated
2014-04-26 22:25:45.809691 0 deleted
2014-04-26 22:25:45.809712 begin clear
2014-04-26 22:25:46.460326 3901 inserted
2014-04-26 22:25:46.460672 0 updated
2014-04-26 22:25:46.460714 0 deleted
2014-04-26 22:25:46.460742 begin clear
2014-04-26 22:25:46.460766 0 inserted
2014-04-26 22:25:46.460790 0 updated
2014-04-26 22:25:46.460813 0 deleted
0.000311302681992
2014-04-26 22:25:46.460866
2014-04-26 22:26:00.706390 begin clear
2014-04-26 22:26:00.706544 0 inserted
2014-04-26 22:26:00.706616 0 updated
2014-04-26 22:26:00.706671 0 deleted
2014-04-26 22:26:00.706722 begin clear
2014-04-26 22:26:02.317480 15313 inserted
2014-04-26 22:26:02.318242 0 updated
2014-04-26 22:26:02.318280 0 deleted
2014-04-26 22:26:02.318302 begin clear
2014-04-26 22:26:07.836528 48775 inserted
2014-04-26 22:26:07.838814 0 updated
2014-04-26 22:26:07.838903 0 deleted
2014-04-26 22:26:07.838925 begin clear
2014-04-26 22:26:07.838940 0 inserted
2014-04-26 22:26:07.838965 0 updated
2014-04-26 22:26:07.838981 0 deleted
0.000188802896018
2014-04-26 22:26:07.839024






log_to_mongo.py
2014-03-09
2014-04-26 22:26:14.214415
[6175, 63022, 2545970]
2.40576283303e-05
2014-04-26 22:27:16.507341
2014-04-26 22:27:17.770134 begin clear
2014-04-26 22:27:17.770209 0 inserted
2014-04-26 22:27:17.770236 0 updated
2014-04-26 22:27:17.770257 0 deleted
2014-04-26 22:27:17.770276 begin clear
2014-04-26 22:27:18.608411 2364 inserted
2014-04-26 22:27:18.608627 0 updated
2014-04-26 22:27:18.608658 0 deleted
2014-04-26 22:27:18.608680 begin clear
2014-04-26 22:27:19.382295 3811 inserted
2014-04-26 22:27:19.382594 0 updated
2014-04-26 22:27:19.382623 0 deleted
2014-04-26 22:27:19.382644 begin clear
2014-04-26 22:27:19.382661 0 inserted
2014-04-26 22:27:19.382678 0 updated
2014-04-26 22:27:19.382694 0 deleted
0.000157085020243
2014-04-26 22:27:19.382733
2014-04-26 22:27:26.367462 begin clear
2014-04-26 22:27:26.367529 0 inserted
2014-04-26 22:27:26.367552 0 updated
2014-04-26 22:27:26.367570 0 deleted
2014-04-26 22:27:26.367587 begin clear
2014-04-26 22:27:27.727029 14860 inserted
2014-04-26 22:27:27.727828 0 updated
2014-04-26 22:27:27.727868 0 deleted
2014-04-26 22:27:27.727888 begin clear
2014-04-26 22:27:32.521096 48162 inserted
2014-04-26 22:27:32.523511 0 updated
2014-04-26 22:27:32.523628 0 deleted
2014-04-26 22:27:32.523651 begin clear
2014-04-26 22:27:32.523667 0 inserted
2014-04-26 22:27:32.523682 0 updated
2014-04-26 22:27:32.523696 0 deleted
0.000116308590651
2014-04-26 22:27:32.523739






log_to_mongo.py
2014-03-10
2014-04-26 22:27:40.955321
[6334, 65638, 2741743]
2.6753054535e-05
2014-04-26 22:28:57.021157
2014-04-26 22:28:58.237357 begin clear
2014-04-26 22:28:58.237441 0 inserted
2014-04-26 22:28:58.237479 0 updated
2014-04-26 22:28:58.237505 0 deleted
2014-04-26 22:28:58.237531 begin clear
2014-04-26 22:28:59.114424 2397 inserted
2014-04-26 22:28:59.114643 0 updated
2014-04-26 22:28:59.114673 0 deleted
2014-04-26 22:28:59.114695 begin clear
2014-04-26 22:28:59.791597 3937 inserted
2014-04-26 22:28:59.791927 0 updated
2014-04-26 22:28:59.791965 0 deleted
2014-04-26 22:28:59.791989 begin clear
2014-04-26 22:28:59.792007 0 inserted
2014-04-26 22:28:59.792025 0 updated
2014-04-26 22:28:59.792043 0 deleted
0.000145247868645
2014-04-26 22:28:59.792085
2014-04-26 22:29:09.353815 begin clear
2014-04-26 22:29:09.353909 0 inserted
2014-04-26 22:29:09.353950 0 updated
2014-04-26 22:29:09.353982 0 deleted
2014-04-26 22:29:09.354010 begin clear
2014-04-26 22:29:10.775685 16006 inserted
2014-04-26 22:29:10.776574 0 updated
2014-04-26 22:29:10.776615 0 deleted
2014-04-26 22:29:10.776637 begin clear
2014-04-26 22:29:16.041769 49632 inserted
2014-04-26 22:29:16.043878 0 updated
2014-04-26 22:29:16.043960 0 deleted
2014-04-26 22:29:16.043981 begin clear
2014-04-26 22:29:16.043998 0 inserted
2014-04-26 22:29:16.044014 0 updated
2014-04-26 22:29:16.044030 0 deleted
0.000142447972211
2014-04-26 22:29:16.044075






log_to_mongo.py
2014-03-11
2014-04-26 22:29:23.896552
[6412, 67671, 2983796]
2.74851229776e-05
2014-04-26 22:30:47.943886
2014-04-26 22:30:52.073199 begin clear
2014-04-26 22:30:52.073323 0 inserted
2014-04-26 22:30:52.073381 0 updated
2014-04-26 22:30:52.073427 0 deleted
2014-04-26 22:30:52.073468 begin clear
2014-04-26 22:30:52.706237 2454 inserted
2014-04-26 22:30:52.706476 0 updated
2014-04-26 22:30:52.706507 0 deleted
2014-04-26 22:30:52.706529 begin clear
2014-04-26 22:30:53.312384 3958 inserted
2014-04-26 22:30:53.312706 0 updated
2014-04-26 22:30:53.312737 0 deleted
2014-04-26 22:30:53.312758 begin clear
2014-04-26 22:30:53.312777 0 inserted
2014-04-26 22:30:53.312795 0 updated
2014-04-26 22:30:53.312812 0 deleted
0.000366500311915
2014-04-26 22:30:53.312854
2014-04-26 22:31:03.177845 begin clear
2014-04-26 22:31:03.177921 0 inserted
2014-04-26 22:31:03.177949 0 updated
2014-04-26 22:31:03.177969 0 deleted
2014-04-26 22:31:03.177989 begin clear
2014-04-26 22:31:05.107759 16598 inserted
2014-04-26 22:31:05.108539 0 updated
2014-04-26 22:31:05.108577 0 deleted
2014-04-26 22:31:05.133439 begin clear
2014-04-26 22:31:11.244770 51073 inserted
2014-04-26 22:31:11.246970 0 updated
2014-04-26 22:31:11.247055 0 deleted
2014-04-26 22:31:11.247077 begin clear
2014-04-26 22:31:11.247094 0 inserted
2014-04-26 22:31:11.247112 0 updated
2014-04-26 22:31:11.247128 0 deleted
0.00014954707334
2014-04-26 22:31:11.247169






log_to_mongo.py
2014-03-12
2014-04-26 22:31:17.445724
[6491, 67552, 2881196]
2.61835709893e-05
2014-04-26 22:32:33.518749
2014-04-26 22:32:35.108316 begin clear
2014-04-26 22:32:35.108396 0 inserted
2014-04-26 22:32:35.108422 0 updated
2014-04-26 22:32:35.108441 0 deleted
2014-04-26 22:32:35.108459 begin clear
2014-04-26 22:32:35.974283 2438 inserted
2014-04-26 22:32:35.974940 0 updated
2014-04-26 22:32:35.975038 0 deleted
2014-04-26 22:32:35.975096 begin clear
2014-04-26 22:32:36.784125 4053 inserted
2014-04-26 22:32:36.784435 0 updated
2014-04-26 22:32:36.784465 0 deleted
2014-04-26 22:32:36.784487 begin clear
2014-04-26 22:32:36.784504 0 inserted
2014-04-26 22:32:36.784521 0 updated
2014-04-26 22:32:36.784537 0 deleted
0.000189493144354
2014-04-26 22:32:36.784577
2014-04-26 22:32:47.676765 begin clear
2014-04-26 22:32:47.676841 0 inserted
2014-04-26 22:32:47.676869 0 updated
2014-04-26 22:32:47.676889 0 deleted
2014-04-26 22:32:47.676907 begin clear
2014-04-26 22:32:49.727848 16268 inserted
2014-04-26 22:32:49.728706 0 updated
2014-04-26 22:32:49.728763 0 deleted
2014-04-26 22:32:49.728784 begin clear
2014-04-26 22:32:55.291362 51284 inserted
2014-04-26 22:32:55.295146 0 updated
2014-04-26 22:32:55.295234 0 deleted
2014-04-26 22:32:55.295255 begin clear
2014-04-26 22:32:55.295272 0 inserted
2014-04-26 22:32:55.295287 0 updated
2014-04-26 22:32:55.295302 0 deleted
0.000154547607769
2014-04-26 22:32:55.295342






log_to_mongo.py
2014-03-13
2014-04-26 22:33:02.244869





log_to_mongo.py





log_to_mongo.py
2014-04-02
2014-04-26 22:34:16.447704
[6529, 68265, 2908992]
2.58268156117e-05
2014-04-26 22:34:18.263154
2014-04-26 22:34:21.422433 begin clear
2014-04-26 22:34:21.422646 0 inserted
2014-04-26 22:34:21.422750 0 updated
2014-04-26 22:34:21.422826 0 deleted
2014-04-26 22:34:21.422900 begin clear
2014-04-26 22:34:22.137508 2481 inserted
2014-04-26 22:34:22.137744 0 updated
2014-04-26 22:34:22.137774 0 deleted
2014-04-26 22:34:22.137795 begin clear
2014-04-26 22:34:22.869127 4048 inserted
2014-04-26 22:34:22.869446 0 updated
2014-04-26 22:34:22.869475 0 deleted
2014-04-26 22:34:22.869496 begin clear
2014-04-26 22:34:22.869513 0 inserted
2014-04-26 22:34:22.869530 0 updated
2014-04-26 22:34:22.869546 0 deleted
0.000301730739776
2014-04-26 22:34:22.869586
2014-04-26 22:34:33.302138 begin clear
2014-04-26 22:34:33.302211 0 inserted
2014-04-26 22:34:33.302238 0 updated
2014-04-26 22:34:33.302259 0 deleted
2014-04-26 22:34:33.302278 begin clear
2014-04-26 22:34:35.030795 16580 inserted
2014-04-26 22:34:35.031585 0 updated
2014-04-26 22:34:35.031622 0 deleted
2014-04-26 22:34:35.031642 begin clear
2014-04-26 22:34:40.337772 51685 inserted
2014-04-26 22:34:40.339985 0 updated
2014-04-26 22:34:40.340071 0 deleted
2014-04-26 22:34:40.340092 begin clear
2014-04-26 22:34:40.340108 0 inserted
2014-04-26 22:34:40.340124 0 updated
2014-04-26 22:34:40.340139 0 deleted
0.000137991650187
2014-04-26 22:34:40.340181






log_to_mongo.py
2014-03-14
2014-04-26 22:34:45.880689
[8484, 78276, 2834331]
2.78795948674e-05
2014-04-26 22:36:09.145949
2014-04-26 22:36:11.631334 begin clear
2014-04-26 22:36:11.631407 0 inserted
2014-04-26 22:36:11.631432 0 updated
2014-04-26 22:36:11.631451 0 deleted
2014-04-26 22:36:11.631468 begin clear
2014-04-26 22:36:12.370017 4607 inserted
2014-04-26 22:36:12.370411 0 updated
2014-04-26 22:36:12.370457 0 deleted
2014-04-26 22:36:12.370487 begin clear
2014-04-26 22:36:13.188656 3877 inserted
2014-04-26 22:36:13.189003 0 updated
2014-04-26 22:36:13.189034 0 deleted
2014-04-26 22:36:13.189055 begin clear
2014-04-26 22:36:13.189071 0 inserted
2014-04-26 22:36:13.189087 0 updated
2014-04-26 22:36:13.189104 0 deleted
0.000189768976898
2014-04-26 22:36:13.189147
2014-04-26 22:36:35.332521 begin clear
2014-04-26 22:36:35.332601 0 inserted
2014-04-26 22:36:35.332627 0 updated
2014-04-26 22:36:35.332646 0 deleted
2014-04-26 22:36:35.332663 begin clear
2014-04-26 22:36:37.746205 29270 inserted
2014-04-26 22:36:37.747731 0 updated
2014-04-26 22:36:37.747792 0 deleted
2014-04-26 22:36:37.747810 begin clear
2014-04-26 22:36:43.061262 49006 inserted
2014-04-26 22:36:43.063465 0 updated
2014-04-26 22:36:43.063542 0 deleted
2014-04-26 22:36:43.063562 begin clear
2014-04-26 22:36:43.063577 0 inserted
2014-04-26 22:36:43.063593 0 updated
2014-04-26 22:36:43.063607 0 deleted
0.000214369666309
2014-04-26 22:36:43.063648






log_to_mongo.py
2014-03-15
2014-04-26 22:36:52.829891
[8501, 76906, 2861190]
2.54404635833e-05
2014-04-26 22:38:06.495534
2014-04-26 22:38:10.006409 begin clear
2014-04-26 22:38:10.006630 0 inserted
2014-04-26 22:38:10.006734 0 updated
2014-04-26 22:38:10.006811 0 deleted
2014-04-26 22:38:10.006884 begin clear
2014-04-26 22:38:10.889858 4559 inserted
2014-04-26 22:38:10.890231 0 updated
2014-04-26 22:38:10.890261 0 deleted
2014-04-26 22:38:10.890281 begin clear
2014-04-26 22:38:11.998306 3942 inserted
2014-04-26 22:38:11.998621 0 updated
2014-04-26 22:38:11.998650 0 deleted
2014-04-26 22:38:11.998671 begin clear
2014-04-26 22:38:11.998687 0 inserted
2014-04-26 22:38:11.998703 0 updated
2014-04-26 22:38:11.998719 0 deleted
0.00024232443242
2014-04-26 22:38:11.998759
2014-04-26 22:38:22.766980 begin clear
2014-04-26 22:38:22.767074 0 inserted
2014-04-26 22:38:22.767101 0 updated
2014-04-26 22:38:22.767120 0 deleted
2014-04-26 22:38:22.767138 begin clear
2014-04-26 22:38:25.729242 27585 inserted
2014-04-26 22:38:25.730721 0 updated
2014-04-26 22:38:25.730781 0 deleted
2014-04-26 22:38:25.730801 begin clear
2014-04-26 22:38:31.048563 49321 inserted
2014-04-26 22:38:31.050873 0 updated
2014-04-26 22:38:31.050946 0 deleted
2014-04-26 22:38:31.050964 begin clear
2014-04-26 22:38:31.050979 0 inserted
2014-04-26 22:38:31.050994 0 updated
2014-04-26 22:38:31.051008 0 deleted
0.000138220684992
2014-04-26 22:38:31.051050






log_to_mongo.py
2014-03-16
2014-04-26 22:38:49.684538
[8576, 77353, 2788196]
2.16950314827e-05
2014-04-26 22:39:51.635707
2014-04-26 22:39:55.789256 begin clear
2014-04-26 22:39:55.789349 0 inserted
2014-04-26 22:39:55.789385 0 updated
2014-04-26 22:39:55.789414 0 deleted
2014-04-26 22:39:55.789441 begin clear
2014-04-26 22:39:56.750896 4600 inserted
2014-04-26 22:39:56.751228 0 updated
2014-04-26 22:39:56.751259 0 deleted
2014-04-26 22:39:56.751280 begin clear
2014-04-26 22:39:57.655276 3976 inserted
2014-04-26 22:39:57.655710 0 updated
2014-04-26 22:39:57.655742 0 deleted
2014-04-26 22:39:57.655765 begin clear
2014-04-26 22:39:57.655782 0 inserted
2014-04-26 22:39:57.655798 0 updated
2014-04-26 22:39:57.655814 0 deleted
0.000284514925373
2014-04-26 22:39:57.655858
2014-04-26 22:40:10.258509 begin clear
2014-04-26 22:40:10.258592 0 inserted
2014-04-26 22:40:10.258623 0 updated
2014-04-26 22:40:10.258643 0 deleted
2014-04-26 22:40:10.258661 begin clear
2014-04-26 22:40:14.031246 27247 inserted
2014-04-26 22:40:14.032973 0 updated
2014-04-26 22:40:14.033009 0 deleted
2014-04-26 22:40:14.033028 begin clear
2014-04-26 22:40:19.453003 50106 inserted
2014-04-26 22:40:19.455198 0 updated
2014-04-26 22:40:19.455281 0 deleted
2014-04-26 22:40:19.455303 begin clear
2014-04-26 22:40:19.455319 0 inserted
2014-04-26 22:40:19.455335 0 updated
2014-04-26 22:40:19.455350 0 deleted
0.000160045505669
2014-04-26 22:40:19.455396






log_to_mongo.py
2014-03-17
2014-04-26 22:40:31.494821
[8728, 81596, 3170910]
2.42864035876e-05
2014-04-26 22:41:50.290460
2014-04-26 22:41:53.148784 begin clear
2014-04-26 22:41:53.148997 0 inserted
2014-04-26 22:41:53.149100 0 updated
2014-04-26 22:41:53.149177 0 deleted
2014-04-26 22:41:53.149251 begin clear
2014-04-26 22:41:54.320190 4699 inserted
2014-04-26 22:41:54.320523 0 updated
2014-04-26 22:41:54.320554 0 deleted
2014-04-26 22:41:54.320575 begin clear
2014-04-26 22:41:55.888059 4029 inserted
2014-04-26 22:41:55.888395 0 updated
2014-04-26 22:41:56.168665 0 deleted
2014-04-26 22:41:56.168731 begin clear
2014-04-26 22:41:56.168751 0 inserted
2014-04-26 22:41:56.168769 0 updated
2014-04-26 22:41:56.168784 0 deleted
0.00022571035747
2014-04-26 22:41:56.168828
2014-04-26 22:42:16.305739 begin clear
2014-04-26 22:42:16.305953 0 inserted
2014-04-26 22:42:16.306053 0 updated
2014-04-26 22:42:16.306186 0 deleted
2014-04-26 22:42:16.306269 begin clear
2014-04-26 22:42:19.177905 29618 inserted
2014-04-26 22:42:19.179446 0 updated
2014-04-26 22:42:19.179509 0 deleted
2014-04-26 22:42:19.179529 begin clear
2014-04-26 22:42:25.759527 51978 inserted
2014-04-26 22:42:25.761820 0 updated
2014-04-26 22:42:25.761901 0 deleted
2014-04-26 22:42:25.761920 begin clear
2014-04-26 22:42:25.761935 0 inserted
2014-04-26 22:42:25.761950 0 updated
2014-04-26 22:42:25.761964 0 deleted
0.000206872885926
2014-04-26 22:42:25.811078






log_to_mongo.py
2014-03-18
2014-04-26 22:42:43.119891
[5078, 33991, 855036]
1.20228855861e-05
2014-04-26 22:42:53.735909
2014-04-26 22:42:56.752943 begin clear
2014-04-26 22:42:56.753153 0 inserted
2014-04-26 22:42:56.753259 0 updated
2014-04-26 22:42:56.753344 0 deleted
2014-04-26 22:42:56.753423 begin clear
2014-04-26 22:42:57.662398 2721 inserted
2014-04-26 22:42:57.662583 0 updated
2014-04-26 22:42:57.662615 0 deleted
2014-04-26 22:42:57.662638 begin clear
2014-04-26 22:42:58.033656 2357 inserted
2014-04-26 22:42:58.033831 0 updated
2014-04-26 22:42:58.033862 0 deleted
2014-04-26 22:42:58.033885 begin clear
2014-04-26 22:42:58.033904 0 inserted
2014-04-26 22:42:58.033923 0 updated
2014-04-26 22:42:58.033941 0 deleted
0.000317053958251
2014-04-26 22:42:58.033984
2014-04-26 22:43:03.915580 begin clear
2014-04-26 22:43:03.915649 0 inserted
2014-04-26 22:43:03.915678 0 updated
2014-04-26 22:43:03.915699 0 deleted
2014-04-26 22:43:03.915719 begin clear
2014-04-26 22:43:05.355957 12277 inserted
2014-04-26 22:43:05.356482 0 updated
2014-04-26 22:43:05.356517 0 deleted
2014-04-26 22:43:05.356539 begin clear
2014-04-26 22:43:08.180291 21714 inserted
2014-04-26 22:43:08.181539 0 updated
2014-04-26 22:43:08.181616 0 deleted
2014-04-26 22:43:08.181661 begin clear
2014-04-26 22:43:08.181702 0 inserted
2014-04-26 22:43:08.181741 0 updated
2014-04-26 22:43:08.181778 0 deleted
0.000167103056691
2014-04-26 22:43:08.181862






log_to_mongo.py





log_to_mongo.py





log_to_mongo.py





log_to_mongo.py





log_to_mongo.py





log_to_mongo.py





log_to_mongo.py





log_to_mongo.py





log_to_mongo.py





log_to_mongo.py





log_to_mongo.py





log_to_mongo.py





log_to_mongo.py





log_to_mongo.py
2014-03-18
2014-04-27 00:06:56.423818
[3970, 29256, 855036]
1.16369369243e-05
2014-04-27 00:07:06.397266
2014-04-27 00:07:09.383636 begin clear
2014-04-27 00:07:09.383842 0 inserted
2014-04-27 00:07:09.383933 0 updated
2014-04-27 00:07:09.384005 0 deleted
2014-04-27 00:07:09.384073 begin clear
2014-04-27 00:07:10.020067 1487 inserted
2014-04-27 00:07:10.020214 0 updated
2014-04-27 00:07:10.020244 0 deleted
2014-04-27 00:07:10.020264 begin clear
2014-04-27 00:07:10.402236 2483 inserted
2014-04-27 00:07:10.402406 0 updated
2014-04-27 00:07:10.402435 0 deleted
2014-04-27 00:07:10.402456 begin clear
2014-04-27 00:07:10.402472 0 inserted
2014-04-27 00:07:10.402489 0 updated
2014-04-27 00:07:10.402504 0 deleted
0.000413098236776
2014-04-27 00:07:10.402542
2014-04-27 00:07:21.657380 begin clear
2014-04-27 00:07:21.657588 0 inserted
2014-04-27 00:07:21.657695 0 updated
2014-04-27 00:07:21.657774 0 deleted
2014-04-27 00:07:21.657844 begin clear
2014-04-27 00:07:22.587363 7029 inserted
2014-04-27 00:07:22.587863 0 updated
2014-04-27 00:07:22.587919 0 deleted
2014-04-27 00:07:22.587956 begin clear
2014-04-27 00:07:25.626397 22227 inserted
2014-04-27 00:07:25.629074 0 updated
2014-04-27 00:07:25.629213 0 deleted
2014-04-27 00:07:25.629289 begin clear
2014-04-27 00:07:25.629352 0 inserted
2014-04-27 00:07:25.629415 0 updated
2014-04-27 00:07:25.629476 0 deleted
0.000294640415641
2014-04-27 00:07:25.629621






log_to_mongo.py





log_to_mongo.py





log_to_mongo.py





log_to_mongo.py





log_to_mongo.py





log_to_mongo.py





log_to_mongo.py





log_to_mongo.py





log_to_mongo.py





log_to_mongo.py





log_to_mongo.py





log_to_mongo.py





log_to_mongo.py





log_to_mongo.py





log_to_mongo.py
2014-04-02
2014-04-27 00:08:41.930482
[4456, 48890, 1064750]
1.18619394224e-05
2014-04-27 00:08:54.593972
2014-04-27 00:08:57.497833 begin clear
2014-04-27 00:08:57.498034 0 inserted
2014-04-27 00:08:57.498184 0 updated
2014-04-27 00:08:57.498271 0 deleted
2014-04-27 00:08:57.498340 begin clear
2014-04-27 00:08:57.986742 1792 inserted
2014-04-27 00:08:57.986914 0 updated
2014-04-27 00:08:57.986944 0 deleted
2014-04-27 00:08:57.986965 begin clear
2014-04-27 00:08:58.402128 2664 inserted
2014-04-27 00:08:58.402334 0 updated
2014-04-27 00:08:58.402364 0 deleted
2014-04-27 00:08:58.402385 begin clear
2014-04-27 00:08:58.402403 0 inserted
2014-04-27 00:08:58.402419 0 updated
2014-04-27 00:08:58.402436 0 deleted
0.00036131059246
2014-04-27 00:08:58.402476
2014-04-27 00:09:17.689609 begin clear
2014-04-27 00:09:17.689819 0 inserted
2014-04-27 00:09:17.689921 0 updated
2014-04-27 00:09:17.690002 0 deleted
2014-04-27 00:09:17.690091 begin clear
2014-04-27 00:09:19.254026 11075 inserted
2014-04-27 00:09:19.254629 0 updated
2014-04-27 00:09:19.254675 0 deleted
2014-04-27 00:09:19.254701 begin clear
2014-04-27 00:09:25.504969 37815 inserted
2014-04-27 00:09:25.508152 0 updated
2014-04-27 00:09:25.508299 0 deleted
2014-04-27 00:09:25.508364 begin clear
2014-04-27 00:09:25.508416 0 inserted
2014-04-27 00:09:25.508471 0 updated
2014-04-27 00:09:25.508524 0 deleted
0.000317651871548
2014-04-27 00:09:25.508641






log_to_mongo.py
2014-04-03
2014-04-27 00:09:31.038721
[6033, 64293, 2702407]
1.85538299745e-05
2014-04-27 00:10:21.620232
2014-04-27 00:10:22.989343 begin clear
2014-04-27 00:10:22.989414 0 inserted
2014-04-27 00:10:22.989439 0 updated
2014-04-27 00:10:22.989458 0 deleted
2014-04-27 00:10:22.989476 begin clear
2014-04-27 00:10:23.580089 2333 inserted
2014-04-27 00:10:23.580289 0 updated
2014-04-27 00:10:23.580318 0 deleted
2014-04-27 00:10:23.580338 begin clear
2014-04-27 00:10:24.337715 3700 inserted
2014-04-27 00:10:24.338142 0 updated
2014-04-27 00:10:24.338175 0 deleted
2014-04-27 00:10:24.338198 begin clear
2014-04-27 00:10:24.338216 0 inserted
2014-04-27 00:10:24.338233 0 updated
2014-04-27 00:10:24.338249 0 deleted
0.000182330515498
2014-04-27 00:10:24.338289
2014-04-27 00:10:45.038705 begin clear
2014-04-27 00:10:45.038777 0 inserted
2014-04-27 00:10:45.038803 0 updated
2014-04-27 00:10:45.038822 0 deleted
2014-04-27 00:10:45.038840 begin clear
2014-04-27 00:10:47.164325 16077 inserted
2014-04-27 00:10:47.165803 0 updated
2014-04-27 00:10:47.165890 0 deleted
2014-04-27 00:10:47.165939 begin clear
2014-04-27 00:10:53.954682 48216 inserted
2014-04-27 00:10:53.960385 0 updated
2014-04-27 00:10:53.960563 0 deleted
2014-04-27 00:10:53.960645 begin clear
2014-04-27 00:10:53.960710 0 inserted
2014-04-27 00:10:53.960775 0 updated
2014-04-27 00:10:53.960843 0 deleted
0.000259437263777
2014-04-27 00:10:53.960990






log_to_mongo.py
2014-04-04
2014-04-27 00:11:00.034156
[6047, 64625, 2744192]
1.99803803815e-05
2014-04-27 00:11:55.075736
2014-04-27 00:11:58.410102 begin clear
2014-04-27 00:11:58.410314 0 inserted
2014-04-27 00:11:58.410773 0 updated
2014-04-27 00:11:58.410914 0 deleted
2014-04-27 00:11:58.410997 begin clear
2014-04-27 00:11:59.090287 2326 inserted
2014-04-27 00:11:59.090501 0 updated
2014-04-27 00:11:59.090532 0 deleted
2014-04-27 00:11:59.090554 begin clear
2014-04-27 00:11:59.893378 3721 inserted
2014-04-27 00:11:59.893650 0 updated
2014-04-27 00:11:59.893681 0 deleted
2014-04-27 00:11:59.893702 begin clear
2014-04-27 00:11:59.893719 0 inserted
2014-04-27 00:11:59.893736 0 updated
2014-04-27 00:11:59.893752 0 deleted
0.000352240780552
2014-04-27 00:11:59.893792
2014-04-27 00:12:26.604636 begin clear
2014-04-27 00:12:26.604846 0 inserted
2014-04-27 00:12:26.604949 0 updated
2014-04-27 00:12:26.605028 0 deleted
2014-04-27 00:12:26.605098 begin clear
2014-04-27 00:12:28.779332 15806 inserted
2014-04-27 00:12:28.780058 0 updated
2014-04-27 00:12:28.780096 0 deleted
2014-04-27 00:12:28.780117 begin clear
2014-04-27 00:12:35.598050 48819 inserted
2014-04-27 00:12:35.600708 0 updated
2014-04-27 00:12:35.600803 0 deleted
2014-04-27 00:12:35.600837 begin clear
2014-04-27 00:12:35.600865 0 inserted
2014-04-27 00:12:35.600891 0 updated
2014-04-27 00:12:35.600917 0 deleted
0.000311334622824
2014-04-27 00:12:35.600984






log_to_mongo.py
2014-04-05
2014-04-27 00:12:42.193360
[5709, 60083, 2388758]
1.77037606991e-05
2014-04-27 00:13:24.588222
2014-04-27 00:13:28.206496 begin clear
2014-04-27 00:13:28.206694 0 inserted
2014-04-27 00:13:28.206793 0 updated
2014-04-27 00:13:28.206871 0 deleted
2014-04-27 00:13:28.206941 begin clear
2014-04-27 00:13:28.762819 2200 inserted
2014-04-27 00:13:28.763016 0 updated
2014-04-27 00:13:28.763046 0 deleted
2014-04-27 00:13:28.763067 begin clear
2014-04-27 00:13:29.783100 3509 inserted
2014-04-27 00:13:29.783358 0 updated
2014-04-27 00:13:29.783388 0 deleted
2014-04-27 00:13:29.783409 begin clear
2014-04-27 00:13:29.783425 0 inserted
2014-04-27 00:13:29.783442 0 updated
2014-04-27 00:13:29.783458 0 deleted
0.000362585391487
2014-04-27 00:13:29.783498
2014-04-27 00:13:46.673332 begin clear
2014-04-27 00:13:46.673535 0 inserted
2014-04-27 00:13:46.673640 0 updated
2014-04-27 00:13:46.673721 0 deleted
2014-04-27 00:13:46.673792 begin clear
2014-04-27 00:13:48.731613 14458 inserted
2014-04-27 00:13:48.732378 0 updated
2014-04-27 00:13:48.732424 0 deleted
2014-04-27 00:13:48.732451 begin clear
2014-04-27 00:13:55.003667 45625 inserted
2014-04-27 00:13:55.005591 0 updated
2014-04-27 00:13:55.005668 0 deleted
2014-04-27 00:13:55.005688 begin clear
2014-04-27 00:13:55.005703 0 inserted
2014-04-27 00:13:55.005720 0 updated
2014-04-27 00:13:55.005734 0 deleted
0.000238170530766
2014-04-27 00:13:55.005776






log_to_mongo.py
2014-04-06
2014-04-27 00:14:02.109621
[5826, 59479, 2313658]
1.71460086149e-05
2014-04-27 00:14:42.166263
2014-04-27 00:14:46.433793 begin clear
2014-04-27 00:14:46.433990 0 inserted
2014-04-27 00:14:46.434130 0 updated
2014-04-27 00:14:46.434225 0 deleted
2014-04-27 00:14:46.434294 begin clear
2014-04-27 00:14:46.959793 2210 inserted
2014-04-27 00:14:46.959983 0 updated
2014-04-27 00:14:46.960018 0 deleted
2014-04-27 00:14:46.960039 begin clear
2014-04-27 00:14:47.477768 3616 inserted
2014-04-27 00:14:47.478028 0 updated
2014-04-27 00:14:47.478057 0 deleted
2014-04-27 00:14:47.478084 begin clear
2014-04-27 00:14:47.478102 0 inserted
2014-04-27 00:14:47.478120 0 updated
2014-04-27 00:14:47.478136 0 deleted
0.000401647785788
2014-04-27 00:14:47.478175
2014-04-27 00:15:08.837653 begin clear
2014-04-27 00:15:08.837718 0 inserted
2014-04-27 00:15:08.837745 0 updated
2014-04-27 00:15:08.837765 0 deleted
2014-04-27 00:15:08.837783 begin clear
2014-04-27 00:15:10.294368 13951 inserted
2014-04-27 00:15:10.295017 0 updated
2014-04-27 00:15:10.295052 0 deleted
2014-04-27 00:15:10.295072 begin clear
2014-04-27 00:15:15.597025 45528 inserted
2014-04-27 00:15:15.599000 0 updated
2014-04-27 00:15:15.599077 0 deleted
2014-04-27 00:15:15.599098 begin clear
2014-04-27 00:15:15.599114 0 inserted
2014-04-27 00:15:15.599129 0 updated
2014-04-27 00:15:15.599143 0 deleted
0.000269002505086
2014-04-27 00:15:15.599184






log_to_mongo.py
2014-04-07
2014-04-27 00:15:22.396200
[6019, 61967, 2447945]
2.0547847276e-05
2014-04-27 00:16:13.080427
2014-04-27 00:16:17.246833 begin clear
2014-04-27 00:16:17.247040 0 inserted
2014-04-27 00:16:17.247144 0 updated
2014-04-27 00:16:17.247228 0 deleted
2014-04-27 00:16:17.247306 begin clear
2014-04-27 00:16:17.806426 2290 inserted
2014-04-27 00:16:17.806625 0 updated
2014-04-27 00:16:17.806657 0 deleted
2014-04-27 00:16:17.806680 begin clear
2014-04-27 00:16:18.621786 3729 inserted
2014-04-27 00:16:18.622558 0 updated
2014-04-27 00:16:18.622687 0 deleted
2014-04-27 00:16:18.622778 begin clear
2014-04-27 00:16:18.622855 0 inserted
2014-04-27 00:16:18.622930 0 updated
2014-04-27 00:16:18.623003 0 deleted
0.000408705765077
2014-04-27 00:16:18.623180
2014-04-27 00:16:32.146992 begin clear
2014-04-27 00:16:32.147199 0 inserted
2014-04-27 00:16:32.147304 0 updated
2014-04-27 00:16:32.147391 0 deleted
2014-04-27 00:16:32.147468 begin clear
2014-04-27 00:16:34.156914 14689 inserted
2014-04-27 00:16:34.157644 0 updated
2014-04-27 00:16:34.157681 0 deleted
2014-04-27 00:16:34.157703 begin clear
2014-04-27 00:16:39.613597 47278 inserted
2014-04-27 00:16:39.619240 0 updated
2014-04-27 00:16:39.619430 0 deleted
2014-04-27 00:16:39.619525 begin clear
2014-04-27 00:16:39.619597 0 inserted
2014-04-27 00:16:39.619669 0 updated
2014-04-27 00:16:39.619741 0 deleted
0.000188810173157
2014-04-27 00:16:39.619897






log_to_mongo.py
2014-04-08
2014-04-27 00:16:46.709841
[6299, 66853, 2954948]
2.04978226351e-05
2014-04-27 00:17:47.647702
2014-04-27 00:17:51.997928 begin clear
2014-04-27 00:17:51.998159 0 inserted
2014-04-27 00:17:51.998260 0 updated
2014-04-27 00:17:51.998335 0 deleted
2014-04-27 00:17:51.998403 begin clear
2014-04-27 00:17:52.588939 2417 inserted
2014-04-27 00:17:52.589218 0 updated
2014-04-27 00:17:52.589262 0 deleted
2014-04-27 00:17:52.589293 begin clear
2014-04-27 00:17:53.231190 3882 inserted
2014-04-27 00:17:53.231452 0 updated
2014-04-27 00:17:53.231483 0 deleted
2014-04-27 00:17:53.231504 begin clear
2014-04-27 00:17:53.231521 0 inserted
2014-04-27 00:17:53.231538 0 updated
2014-04-27 00:17:53.231554 0 deleted
0.000392125734244
2014-04-27 00:17:53.231595
2014-04-27 00:18:16.778737 begin clear
2014-04-27 00:18:16.778939 0 inserted
2014-04-27 00:18:16.779039 0 updated
2014-04-27 00:18:16.779116 0 deleted
2014-04-27 00:18:16.779186 begin clear
2014-04-27 00:18:18.291536 16431 inserted
2014-04-27 00:18:18.292318 0 updated
2014-04-27 00:18:18.292361 0 deleted
2014-04-27 00:18:18.292379 begin clear
2014-04-27 00:18:24.488816 50422 inserted
2014-04-27 00:18:24.491076 0 updated
2014-04-27 00:18:24.491169 0 deleted
2014-04-27 00:18:24.491190 begin clear
2014-04-27 00:18:24.491205 0 inserted
2014-04-27 00:18:24.491220 0 updated
2014-04-27 00:18:24.491236 0 deleted
0.000266255814997
2014-04-27 00:18:24.491278






log_to_mongo.py
2014-04-09
2014-04-27 00:18:31.254890
[6462, 68173, 3012280]
1.99118275857e-05
2014-04-27 00:19:31.936786
2014-04-27 00:19:33.226410 begin clear
2014-04-27 00:19:33.226547 0 inserted
2014-04-27 00:19:33.226608 0 updated
2014-04-27 00:19:33.226665 0 deleted
2014-04-27 00:19:33.226711 begin clear
2014-04-27 00:19:34.028637 2634 inserted
2014-04-27 00:19:34.028857 0 updated
2014-04-27 00:19:34.028887 0 deleted
2014-04-27 00:19:34.028908 begin clear
2014-04-27 00:19:34.733168 3828 inserted
2014-04-27 00:19:34.733458 0 updated
2014-04-27 00:19:34.733488 0 deleted
2014-04-27 00:19:34.733509 begin clear
2014-04-27 00:19:34.733527 0 inserted
2014-04-27 00:19:34.733544 0 updated
2014-04-27 00:19:34.733561 0 deleted
0.00017951098731
2014-04-27 00:19:34.733601
2014-04-27 00:20:01.432539 begin clear
2014-04-27 00:20:01.432723 0 inserted
2014-04-27 00:20:01.432826 0 updated
2014-04-27 00:20:01.432908 0 deleted
2014-04-27 00:20:01.432981 begin clear
2014-04-27 00:20:03.637986 17172 inserted
2014-04-27 00:20:03.638827 0 updated
2014-04-27 00:20:03.638876 0 deleted
2014-04-27 00:20:03.638897 begin clear
2014-04-27 00:20:09.498735 51001 inserted
2014-04-27 00:20:09.500893 0 updated
2014-04-27 00:20:09.500971 0 deleted
2014-04-27 00:20:09.500993 begin clear
2014-04-27 00:20:09.501009 0 inserted
2014-04-27 00:20:09.501024 0 updated
2014-04-27 00:20:09.501039 0 deleted
0.000289997506344
2014-04-27 00:20:09.501081






log_to_mongo.py
2014-04-10
2014-04-27 00:20:17.644577
[7269, 67057, 2599820]
1.78473894347e-05
2014-04-27 00:21:04.229813
2014-04-27 00:21:08.656502 begin clear
2014-04-27 00:21:08.656704 0 inserted
2014-04-27 00:21:08.656802 0 updated
2014-04-27 00:21:08.656878 0 deleted
2014-04-27 00:21:08.656947 begin clear
2014-04-27 00:21:09.385909 3532 inserted
2014-04-27 00:21:09.386156 0 updated
2014-04-27 00:21:09.386191 0 deleted
2014-04-27 00:21:09.386214 begin clear
2014-04-27 00:21:09.942739 3737 inserted
2014-04-27 00:21:09.943023 0 updated
2014-04-27 00:21:09.978208 0 deleted
2014-04-27 00:21:09.978279 begin clear
2014-04-27 00:21:09.978299 0 inserted
2014-04-27 00:21:09.978316 0 updated
2014-04-27 00:21:09.978333 0 deleted
0.000352180492502
2014-04-27 00:21:09.978374
2014-04-27 00:21:34.875346 begin clear
2014-04-27 00:21:34.875416 0 inserted
2014-04-27 00:21:34.875445 0 updated
2014-04-27 00:21:34.875466 0 deleted
2014-04-27 00:21:34.875485 begin clear
2014-04-27 00:21:36.860334 17769 inserted
2014-04-27 00:21:36.861318 0 updated
2014-04-27 00:21:36.861367 0 deleted
2014-04-27 00:21:36.861394 begin clear
2014-04-27 00:21:43.424288 49288 inserted
2014-04-27 00:21:43.426453 0 updated
2014-04-27 00:21:43.426533 0 deleted
2014-04-27 00:21:43.426554 begin clear
2014-04-27 00:21:43.426570 0 inserted
2014-04-27 00:21:43.426586 0 updated
2014-04-27 00:21:43.426600 0 deleted
0.000285130560568
2014-04-27 00:21:43.426643






log_to_mongo.py
2014-04-11
2014-04-27 00:21:51.214575
[7232, 68049, 2769195]
2.16994469512e-05
2014-04-27 00:22:51.572356
2014-04-27 00:22:56.538138 begin clear
2014-04-27 00:22:56.538207 0 inserted
2014-04-27 00:22:56.538233 0 updated
2014-04-27 00:22:56.538252 0 deleted
2014-04-27 00:22:56.538270 begin clear
2014-04-27 00:22:57.305818 3445 inserted
2014-04-27 00:22:57.306060 0 updated
2014-04-27 00:22:57.306096 0 deleted
2014-04-27 00:22:57.306118 begin clear
2014-04-27 00:22:57.992072 3787 inserted
2014-04-27 00:22:57.992352 0 updated
2014-04-27 00:22:57.992382 0 deleted
2014-04-27 00:22:57.992402 begin clear
2014-04-27 00:22:57.992419 0 inserted
2014-04-27 00:22:57.992436 0 updated
2014-04-27 00:22:57.992452 0 deleted
0.000394081858407
2014-04-27 00:22:57.992491
2014-04-27 00:23:16.942273 begin clear
2014-04-27 00:23:16.942340 0 inserted
2014-04-27 00:23:16.942367 0 updated
2014-04-27 00:23:16.942387 0 deleted
2014-04-27 00:23:16.942405 begin clear
2014-04-27 00:23:19.073382 18005 inserted
2014-04-27 00:23:19.074218 0 updated
2014-04-27 00:23:19.074258 0 deleted
2014-04-27 00:23:19.074280 begin clear
2014-04-27 00:23:24.815454 50044 inserted
2014-04-27 00:23:24.817572 0 updated
2014-04-27 00:23:24.817649 0 deleted
2014-04-27 00:23:24.817670 begin clear
2014-04-27 00:23:24.817685 0 inserted
2014-04-27 00:23:24.817699 0 updated
2014-04-27 00:23:24.817713 0 deleted
0.000215579949742
2014-04-27 00:23:24.817757






log_to_mongo.py
2014-04-12
2014-04-27 00:23:33.335076
[6137, 64327, 2617436]
1.89383809193e-05
2014-04-27 00:24:23.616186
2014-04-27 00:24:27.569677 begin clear
2014-04-27 00:24:27.569889 0 inserted
2014-04-27 00:24:27.569982 0 updated
2014-04-27 00:24:27.570055 0 deleted
2014-04-27 00:24:27.570186 begin clear
2014-04-27 00:24:28.140207 2369 inserted
2014-04-27 00:24:28.140468 0 updated
2014-04-27 00:24:28.140516 0 deleted
2014-04-27 00:24:28.140548 begin clear
2014-04-27 00:24:28.892811 3768 inserted
2014-04-27 00:24:28.893561 0 updated
2014-04-27 00:24:28.893675 0 deleted
2014-04-27 00:24:28.893755 begin clear
2014-04-27 00:24:28.893821 0 inserted
2014-04-27 00:24:28.893887 0 updated
2014-04-27 00:24:28.893950 0 deleted
0.000379664331106
2014-04-27 00:24:28.894140
2014-04-27 00:24:43.676488 begin clear
2014-04-27 00:24:43.676694 0 inserted
2014-04-27 00:24:43.677134 0 updated
2014-04-27 00:24:43.677272 0 deleted
2014-04-27 00:24:43.677354 begin clear
2014-04-27 00:24:45.786715 16106 inserted
2014-04-27 00:24:45.787447 0 updated
2014-04-27 00:24:45.787484 0 deleted
2014-04-27 00:24:45.787505 begin clear
2014-04-27 00:24:52.050674 48221 inserted
2014-04-27 00:24:52.052727 0 updated
2014-04-27 00:24:52.052800 0 deleted
2014-04-27 00:24:52.052820 begin clear
2014-04-27 00:24:52.052836 0 inserted
2014-04-27 00:24:52.052851 0 updated
2014-04-27 00:24:52.052865 0 deleted
0.000204579725465
2014-04-27 00:24:52.052905






log_to_mongo.py
2014-03-18
2014-04-27 18:06:05.578427
[3970, 29256, 855036]
1.19877993441e-05
2014-04-27 18:06:18.060895
2014-04-27 18:06:18.553248 begin clear
2014-04-27 18:06:18.553323 0 inserted
2014-04-27 18:06:18.553348 0 updated
2014-04-27 18:06:18.553366 0 deleted
2014-04-27 18:06:18.553382 begin clear
2014-04-27 18:06:18.569728 0 inserted
2014-04-27 18:06:20.234951 1487 updated
2014-04-27 18:06:20.235482 0 deleted
2014-04-27 18:06:20.235515 begin clear
2014-04-27 18:06:20.235534 0 inserted
2014-04-27 18:06:20.582116 2483 updated
2014-04-27 18:06:20.582918 0 deleted
2014-04-27 18:06:20.582962 begin clear
2014-04-27 18:06:20.582979 0 inserted
2014-04-27 18:06:20.582995 0 updated
2014-04-27 18:06:20.583009 0 deleted
0.00011838790932
2014-04-27 18:06:20.583050
2014-04-27 18:06:23.543430 begin clear
2014-04-27 18:06:23.543510 0 inserted
2014-04-27 18:06:23.543545 0 updated
2014-04-27 18:06:23.543581 0 deleted
2014-04-27 18:06:23.543607 begin clear
2014-04-27 18:06:23.543622 0 inserted
2014-04-27 18:06:24.136014 7029 updated
2014-04-27 18:06:24.138692 0 deleted
2014-04-27 18:06:24.138759 begin clear
2014-04-27 18:06:24.138777 0 inserted
2014-04-27 18:06:26.601326 22227 updated
2014-04-27 18:06:26.608908 0 deleted
2014-04-27 18:06:26.609177 begin clear
2014-04-27 18:06:26.609214 0 inserted
2014-04-27 18:06:26.609236 0 updated
2014-04-27 18:06:26.609251 0 deleted
0.00011143013399
2014-04-27 18:06:26.609308






log_to_mongo.py





log_to_mongo.py





log_to_mongo.py





log_to_mongo.py





log_to_mongo.py





log_to_mongo.py





log_to_mongo.py





log_to_mongo.py





log_to_mongo.py





log_to_mongo.py





log_to_mongo.py





log_to_mongo.py





log_to_mongo.py





log_to_mongo.py





log_to_mongo.py
2014-04-02
2014-04-27 18:08:04.961674
[4456, 48890, 1064750]
1.16271425217e-05
2014-04-27 18:08:17.422427
2014-04-27 18:08:18.436774 begin clear
2014-04-27 18:08:18.436953 0 inserted
2014-04-27 18:08:18.437042 0 updated
2014-04-27 18:08:18.437107 0 deleted
2014-04-27 18:08:18.437167 begin clear
2014-04-27 18:08:18.437223 0 inserted
2014-04-27 18:08:18.936932 1792 updated
2014-04-27 18:08:18.938399 0 deleted
2014-04-27 18:08:18.938532 begin clear
2014-04-27 18:08:18.938618 0 inserted
2014-04-27 18:08:19.334477 2664 updated
2014-04-27 18:08:19.335428 0 deleted
2014-04-27 18:08:19.335478 begin clear
2014-04-27 18:08:19.335507 0 inserted
2014-04-27 18:08:19.335535 0 updated
2014-04-27 18:08:19.335560 0 deleted
0.000262567324955
2014-04-27 18:08:19.335623
2014-04-27 18:08:24.172163 begin clear
2014-04-27 18:08:24.172237 0 inserted
2014-04-27 18:08:24.172273 0 updated
2014-04-27 18:08:24.172292 0 deleted
2014-04-27 18:08:24.172309 begin clear
2014-04-27 18:08:24.172326 0 inserted
2014-04-27 18:08:25.201417 11075 updated
2014-04-27 18:08:25.205619 0 deleted
2014-04-27 18:08:25.205703 begin clear
2014-04-27 18:08:25.205727 0 inserted
2014-04-27 18:08:29.670336 37815 updated
2014-04-27 18:08:29.683124 0 deleted
2014-04-27 18:08:29.683363 begin clear
2014-04-27 18:08:29.683388 0 inserted
2014-04-27 18:08:29.683406 0 updated
2014-04-27 18:08:29.683769 0 deleted
0.000115565555328
2014-04-27 18:08:29.683875






log_to_mongo.py
2014-04-03
2014-04-27 18:08:55.020376
[6033, 64293, 2702407]
2.13143320011e-05
2014-04-27 18:09:54.686411
2014-04-27 18:09:55.600257 begin clear
2014-04-27 18:09:55.600334 0 inserted
2014-04-27 18:09:55.600362 0 updated
2014-04-27 18:09:55.600384 0 deleted
2014-04-27 18:09:55.600812 begin clear
2014-04-27 18:09:55.600840 0 inserted
2014-04-27 18:09:56.178965 2333 updated
2014-04-27 18:09:56.179844 0 deleted
2014-04-27 18:09:56.179879 begin clear
2014-04-27 18:09:56.179897 0 inserted
2014-04-27 18:09:56.807503 3700 updated
2014-04-27 18:09:56.808649 0 deleted
2014-04-27 18:09:56.808688 begin clear
2014-04-27 18:09:56.808706 0 inserted
2014-04-27 18:09:56.808722 0 updated
2014-04-27 18:09:56.808737 0 deleted
0.000164097463948
2014-04-27 18:09:56.808792
2014-04-27 18:10:03.217038 begin clear
2014-04-27 18:10:03.217104 0 inserted
2014-04-27 18:10:03.217128 0 updated
2014-04-27 18:10:03.217147 0 deleted
2014-04-27 18:10:03.217164 begin clear
2014-04-27 18:10:03.217179 0 inserted
2014-04-27 18:10:04.852487 16077 updated
2014-04-27 18:10:04.859411 0 deleted
2014-04-27 18:10:04.859490 begin clear
2014-04-27 18:10:04.859512 0 inserted
2014-04-27 18:10:11.328280 48216 updated
2014-04-27 18:10:11.345352 0 deleted
2014-04-27 18:10:11.387288 begin clear
2014-04-27 18:10:11.387359 0 inserted
2014-04-27 18:10:11.387381 0 updated
2014-04-27 18:10:11.387873 0 deleted
0.00012209727342
2014-04-27 18:10:11.388088






log_to_mongo.py
2014-04-04
2014-04-27 18:10:23.497543
[6047, 64625, 2744192]
2.01552952563e-05
2014-04-27 18:11:19.498935
2014-04-27 18:11:20.189659 begin clear
2014-04-27 18:11:20.189729 0 inserted
2014-04-27 18:11:20.189754 0 updated
2014-04-27 18:11:20.189772 0 deleted
2014-04-27 18:11:20.189788 begin clear
2014-04-27 18:11:20.189804 0 inserted
2014-04-27 18:11:20.804786 2326 updated
2014-04-27 18:11:20.805618 0 deleted
2014-04-27 18:11:20.805652 begin clear
2014-04-27 18:11:20.805672 0 inserted
2014-04-27 18:11:21.216049 3721 updated
2014-04-27 18:11:21.217209 0 deleted
2014-04-27 18:11:21.217242 begin clear
2014-04-27 18:11:21.217259 0 inserted
2014-04-27 18:11:21.217275 0 updated
2014-04-27 18:11:21.217289 0 deleted
0.00013229700678
2014-04-27 18:11:21.217340
2014-04-27 18:11:28.262551 begin clear
2014-04-27 18:11:28.262631 0 inserted
2014-04-27 18:11:28.262657 0 updated
2014-04-27 18:11:28.262676 0 deleted
2014-04-27 18:11:28.262693 begin clear
2014-04-27 18:11:28.262708 0 inserted
2014-04-27 18:11:29.895318 15806 updated
2014-04-27 18:11:29.902145 0 deleted
2014-04-27 18:11:29.902231 begin clear
2014-04-27 18:11:29.902251 0 inserted
2014-04-27 18:11:36.396515 48819 updated
2014-04-27 18:11:36.413400 0 deleted
2014-04-27 18:11:36.413668 begin clear
2014-04-27 18:11:36.413690 0 inserted
2014-04-27 18:11:36.413707 0 updated
2014-04-27 18:11:36.414049 0 deleted
0.000127040618956
2014-04-27 18:11:36.414295






log_to_mongo.py
2014-04-05
2014-04-27 18:11:53.688885
[5709, 60083, 2388758]
1.79214470449e-05
2014-04-27 18:12:38.688033
2014-04-27 18:12:39.469472 begin clear
2014-04-27 18:12:39.469559 0 inserted
2014-04-27 18:12:39.469589 0 updated
2014-04-27 18:12:39.469610 0 deleted
2014-04-27 18:12:39.469630 begin clear
2014-04-27 18:12:39.469648 0 inserted
2014-04-27 18:12:39.758836 2200 updated
2014-04-27 18:12:39.759612 0 deleted
2014-04-27 18:12:39.759648 begin clear
2014-04-27 18:12:39.759667 0 inserted
2014-04-27 18:12:40.343584 3509 updated
2014-04-27 18:12:40.344676 0 deleted
2014-04-27 18:12:40.344713 begin clear
2014-04-27 18:12:40.344732 0 inserted
2014-04-27 18:12:40.344750 0 updated
2014-04-27 18:12:40.344766 0 deleted
0.000169907164127
2014-04-27 18:12:40.344817
2014-04-27 18:12:47.015827 begin clear
2014-04-27 18:12:47.015906 0 inserted
2014-04-27 18:12:47.015937 0 updated
2014-04-27 18:12:47.015960 0 deleted
2014-04-27 18:12:47.015980 begin clear
2014-04-27 18:12:47.015999 0 inserted
2014-04-27 18:12:48.535110 14458 updated
2014-04-27 18:12:48.541078 0 deleted
2014-04-27 18:12:48.541163 begin clear
2014-04-27 18:12:48.541186 0 inserted
2014-04-27 18:12:54.732394 45625 updated
2014-04-27 18:12:54.747862 0 deleted
2014-04-27 18:12:54.747949 begin clear
2014-04-27 18:12:54.748152 0 inserted
2014-04-27 18:12:54.748171 0 updated
2014-04-27 18:12:54.748535 0 deleted
0.000141304528735
2014-04-27 18:12:54.748697






log_to_mongo.py
2014-04-06
2014-04-27 18:13:05.944854
[5826, 59479, 2313658]
1.86285094858e-05
2014-04-27 18:13:52.541666
2014-04-27 18:13:53.245247 begin clear
2014-04-27 18:13:53.245353 0 inserted
2014-04-27 18:13:53.245388 0 updated
2014-04-27 18:13:53.245413 0 deleted
2014-04-27 18:13:53.245436 begin clear
2014-04-27 18:13:53.245456 0 inserted
2014-04-27 18:13:53.433143 2210 updated
2014-04-27 18:13:53.433959 0 deleted
2014-04-27 18:13:53.433994 begin clear
2014-04-27 18:13:53.434015 0 inserted
2014-04-27 18:13:53.792734 3616 updated
2014-04-27 18:13:53.793880 0 deleted
2014-04-27 18:13:53.793917 begin clear
2014-04-27 18:13:53.793936 0 inserted
2014-04-27 18:13:53.793954 0 updated
2014-04-27 18:13:53.793969 0 deleted
0.000142464812908
2014-04-27 18:13:53.794015
2014-04-27 18:14:01.535474 begin clear
2014-04-27 18:14:01.535534 0 inserted
2014-04-27 18:14:01.535572 0 updated
2014-04-27 18:14:01.535592 0 deleted
2014-04-27 18:14:01.535609 begin clear
2014-04-27 18:14:01.535625 0 inserted
2014-04-27 18:14:02.912011 13951 updated
2014-04-27 18:14:02.917777 0 deleted
2014-04-27 18:14:02.917861 begin clear
2014-04-27 18:14:02.917882 0 inserted
2014-04-27 18:14:09.109000 45528 updated
2014-04-27 18:14:09.125720 0 deleted
2014-04-27 18:14:09.125988 begin clear
2014-04-27 18:14:09.126415 0 inserted
2014-04-27 18:14:09.126515 0 updated
2014-04-27 18:14:09.126573 0 deleted
0.0001474469981
2014-04-27 18:14:09.126623






log_to_mongo.py
2014-04-07
2014-04-27 18:14:26.583403
[6019, 61967, 2447945]
2.24841652897e-05
2014-04-27 18:15:23.480407
2014-04-27 18:15:24.176387 begin clear
2014-04-27 18:15:24.176477 0 inserted
2014-04-27 18:15:24.176513 0 updated
2014-04-27 18:15:24.176531 0 deleted
2014-04-27 18:15:24.176556 begin clear
2014-04-27 18:15:24.176570 0 inserted
2014-04-27 18:15:24.591925 2290 updated
2014-04-27 18:15:24.592755 0 deleted
2014-04-27 18:15:24.592789 begin clear
2014-04-27 18:15:24.592807 0 inserted
2014-04-27 18:15:25.225877 3729 updated
2014-04-27 18:15:25.227147 0 deleted
2014-04-27 18:15:25.227187 begin clear
2014-04-27 18:15:25.227207 0 inserted
2014-04-27 18:15:25.227224 0 updated
2014-04-27 18:15:25.227241 0 deleted
0.000157833527164
2014-04-27 18:15:25.227286
2014-04-27 18:15:34.772793 begin clear
2014-04-27 18:15:34.772874 0 inserted
2014-04-27 18:15:34.772911 0 updated
2014-04-27 18:15:34.772929 0 deleted
2014-04-27 18:15:34.772946 begin clear
2014-04-27 18:15:34.772961 0 inserted
2014-04-27 18:15:36.396013 14689 updated
2014-04-27 18:15:36.408933 0 deleted
2014-04-27 18:15:36.409123 begin clear
2014-04-27 18:15:36.409208 0 inserted
2014-04-27 18:15:43.351833 47278 updated
2014-04-27 18:15:43.367655 0 deleted
2014-04-27 18:15:43.367744 begin clear
2014-04-27 18:15:43.367966 0 inserted
2014-04-27 18:15:43.367994 0 updated
2014-04-27 18:15:43.368021 0 deleted
0.000171381541788
2014-04-27 18:15:43.368066






log_to_mongo.py
2014-04-08
2014-04-27 18:15:53.115740





log_to_mongo.py
2014-03-18
2014-04-27 18:18:34.453565
[3970, 29256, 855036]
1.19877993441e-05
2014-04-27 18:18:45.915933
2014-04-27 18:18:46.546765 begin clear
2014-04-27 18:18:46.546838 0 inserted
2014-04-27 18:18:46.546867 0 updated
2014-04-27 18:18:46.546889 0 deleted
2014-04-27 18:18:46.546909 begin clear
2014-04-27 18:18:47.774688 1487 inserted
2014-04-27 18:18:47.774864 0 updated
2014-04-27 18:18:47.774894 0 deleted
2014-04-27 18:18:47.774916 begin clear
2014-04-27 18:18:48.366480 2483 inserted
2014-04-27 18:18:48.366651 0 updated
2014-04-27 18:18:48.366682 0 deleted
2014-04-27 18:18:48.366704 begin clear
2014-04-27 18:18:48.366724 0 inserted
2014-04-27 18:18:48.366744 0 updated
2014-04-27 18:18:48.366762 0 deleted
0.000125944584383
2014-04-27 18:18:48.366805
2014-04-27 18:18:53.023143 begin clear
2014-04-27 18:18:53.023222 0 inserted
2014-04-27 18:18:53.023252 0 updated
2014-04-27 18:18:53.023276 0 deleted
2014-04-27 18:18:53.023297 begin clear
2014-04-27 18:18:53.802984 7029 inserted
2014-04-27 18:18:53.803366 0 updated
2014-04-27 18:18:53.803397 0 deleted
2014-04-27 18:18:53.803418 begin clear
2014-04-27 18:18:55.946200 22227 inserted
2014-04-27 18:18:55.947333 0 updated
2014-04-27 18:18:55.947394 0 deleted
2014-04-27 18:18:55.947426 begin clear
2014-04-27 18:18:55.947443 0 inserted
2014-04-27 18:18:55.947460 0 updated
2014-04-27 18:18:55.947476 0 deleted
0.000148003828275
2014-04-27 18:18:55.947519






log_to_mongo.py





log_to_mongo.py





log_to_mongo.py





log_to_mongo.py





log_to_mongo.py





log_to_mongo.py





log_to_mongo.py





log_to_mongo.py





log_to_mongo.py





log_to_mongo.py





log_to_mongo.py
